#
# A fatal error has been detected by the Java Runtime Environment:
#
#  SIGSEGV (0xb) at pc=0x00007fd16afb3123, pid=2046, tid=140536904955648
#
# JRE version: Java(TM) SE Runtime Environment (8.0_91-b14) (build 1.8.0_91-b14)
# Java VM: Java HotSpot(TM) 64-Bit Server VM (25.91-b14 mixed mode linux-amd64 compressed oops)
# Problematic frame:
# V  [libjvm.so+0x78a123]  JvmtiEnv::GetClassMethods(oopDesc*, int*, _jmethodID***)+0x2f3
#
# Failed to write core dump. Core dumps have been disabled. To enable core dumping, try "ulimit -c unlimited" before starting Java again
#
# If you would like to submit a bug report, please visit:
#   http://bugreport.java.com/bugreport/crash.jsp
#

---------------  T H R E A D  ---------------

Current thread (0x00007fd1640cf000):  JavaThread "JDWP Transport Listener: dt_socket" daemon [_thread_in_vm, id=2065, stack(0x00007fd14c3c3000,0x00007fd14c4c4000)]

siginfo: si_signo: 11 (SIGSEGV), si_code: 1 (SEGV_MAPERR), si_addr: 0x00007fd44f23f640

Registers:
RAX=0x0000000064646400, RBX=0x00007fd1640d0140, RCX=0x00007fd16400ed40, RDX=0x00007fd12c00d640
RSP=0x00007fd14c4c2660, RBP=0x00007fd14c4c2750, RSI=0x0000000000000001, RDI=0x0000000000000001
R8 =0x00007fd1640d0140, R9 =0x0000000000000000, R10=0x0000000000000001, R11=0x00007fd1644e1b60
R12=0x00007fd16400a660, R13=0x00007fd14e2bcaa8, R14=0x00000007c0060028, R15=0x00007fd14c4c2820
RIP=0x00007fd16afb3123, EFLAGS=0x0000000000010246, CSGSFS=0x0000000000000033, ERR=0x0000000000000006
  TRAPNO=0x000000000000000e

Top of Stack: (sp=0x00007fd14c4c2660)
0x00007fd14c4c2660:   00007fd1640c03a0 00007fd14c4c2710
0x00007fd14c4c2670:   00007fd1646b66e0 00007fd14c4c26c0
0x00007fd14c4c2680:   00007fd14c4c2810 000000086af0e64a
0x00007fd14c4c2690:   00007fd12c00d640 6464640000000006
0x00007fd14c4c26a0:   00007fd1640cf000 00007fd1640c03a0
0x00007fd14c4c26b0:   00007fd1640cf1f8 00007fd169edfe40
0x00007fd14c4c26c0:   00007fd1640cf000 00007fd1640d0010
0x00007fd14c4c26d0:   00007fd1640d0050 00007fd1640d0060
0x00007fd14c4c26e0:   00007fd1640d0138 00000000000000d8
0x00007fd14c4c26f0:   00007fd14c4c2b10 00007fd16aef47bc
0x00007fd14c4c2700:   00007fd1646b66e0 00007fd169edfe40
0x00007fd14c4c2710:   00007fd14e2bcaa8 00007fd1640cf000
0x00007fd14c4c2720:   00007fd14c4c2770 0000000781fd4ec8
0x00007fd14c4c2730:   00007fd16400a660 0000000000000074
0x00007fd14c4c2740:   00007fd1640cf000 00007fd14c4c2810
0x00007fd14c4c2750:   00007fd14c4c27c0 00007fd16af65380
0x00007fd14c4c2760:   00007fd14c4c2770 00007fd14c4c2820
0x00007fd14c4c2770:   00007fd1640cf000 0000000000000000
0x00007fd14c4c2780:   00007fd100000000 0000000000000000
0x00007fd14c4c2790:   00000000000f0200 00007fd169edfe40
0x00007fd14c4c27a0:   00007fd14c4c2890 00007fd1646b66e0
0x00007fd14c4c27b0:   00000000000f0200 000000000000000f
0x00007fd14c4c27c0:   00007fd14c4c2850 00007fd169cac96e
0x00007fd14c4c27d0:   00007fd16b7e02a0 00007fd16afa8de9
0x00007fd14c4c27e0:   00007fd14c4c2820 00007fd16af670f3
0x00007fd14c4c27f0:   000000012c009bd0 00007fd12c009d70
0x00007fd14c4c2800:   00007fd14c4c2830 00007fd169cb2ba0
0x00007fd14c4c2810:   0000000000000000 00007fd14c4c2890
0x00007fd14c4c2820:   0000000000000000 0000000000000002
0x00007fd14c4c2830:   000000000000000f 0000000000000002
0x00007fd14c4c2840:   00000000000f0200 000000000000000f
0x00007fd14c4c2850:   00007fd14c4c2aa0 00007fd169cb79c6 

Instructions: (pc=0x00007fd16afb3123)
0x00007fd16afb3103:   41 8b 00 48 83 c6 08 39 c7 7c e2 44 8d 48 ff 45
0x00007fd16afb3113:   89 08 48 63 85 4c ff ff ff 48 8b 95 40 ff ff ff
0x00007fd16afb3123:   4c 89 1c c2 83 85 48 ff ff ff 01 8b 85 3c ff ff
0x00007fd16afb3133:   ff 39 85 48 ff ff ff 0f 8c e1 fd ff ff 8b 85 3c 

Register to memory mapping:

RAX=0x0000000064646400 is an unknown value
RBX=0x00007fd1640d0140 is an unknown value
RCX=0x00007fd16400ed40 is an unknown value
RDX=0x00007fd12c00d640 is an unknown value
RSP=0x00007fd14c4c2660 is pointing into the stack for thread: 0x00007fd1640cf000
RBP=0x00007fd14c4c2750 is pointing into the stack for thread: 0x00007fd1640cf000
RSI=0x0000000000000001 is an unknown value
RDI=0x0000000000000001 is an unknown value
R8 =0x00007fd1640d0140 is an unknown value
R9 =0x0000000000000000 is an unknown value
R10=0x0000000000000001 is an unknown value
R11=0x00007fd1644e1b60 is an unknown value
R12=0x00007fd16400a660 is an unknown value
R13={method} {0x00007fd14e2bcaa8} 'main' '([Ljava/lang/String;)V' in 'com/belhopat/backoffice/excel/PoiReadExcelFile'
R14=0x00000007c0060028 is pointing into metadata
R15=0x00007fd14c4c2820 is pointing into the stack for thread: 0x00007fd1640cf000


Stack: [0x00007fd14c3c3000,0x00007fd14c4c4000],  sp=0x00007fd14c4c2660,  free space=1021k
Native frames: (J=compiled Java code, j=interpreted, Vv=VM code, C=native code)
V  [libjvm.so+0x78a123]  JvmtiEnv::GetClassMethods(oopDesc*, int*, _jmethodID***)+0x2f3
V  [libjvm.so+0x73c380]  jvmti_GetClassMethods+0x290
C  [libjdwp.so+0x696e]  methods1+0x7e
C  [libjdwp.so+0x119c6]  debugLoop_run+0x2b6
C  [libjdwp.so+0x247ff]  attachThread+0x2f
V  [libjvm.so+0x7a48c2]  JvmtiAgentThread::call_start_function()+0xc2
V  [libjvm.so+0xa6b77f]  JavaThread::thread_main_inner()+0xdf
V  [libjvm.so+0xa6b8ac]  JavaThread::run()+0x11c
V  [libjvm.so+0x91ef78]  java_start(Thread*)+0x108
C  [libpthread.so.0+0x8182]  start_thread+0xc2


---------------  P R O C E S S  ---------------

Java Threads: ( => current thread )
  0x00007fd1640dd000 JavaThread "Service Thread" daemon [_thread_blocked, id=2079, stack(0x00007fd11fcfd000,0x00007fd11fdfe000)]
  0x00007fd1640d9800 JavaThread "C1 CompilerThread2" daemon [_thread_blocked, id=2078, stack(0x00007fd11fdfe000,0x00007fd11feff000)]
  0x00007fd1640d8000 JavaThread "C2 CompilerThread1" daemon [_thread_blocked, id=2077, stack(0x00007fd11feff000,0x00007fd120000000)]
  0x00007fd1640d5000 JavaThread "C2 CompilerThread0" daemon [_thread_blocked, id=2074, stack(0x00007fd14c0c0000,0x00007fd14c1c1000)]
  0x00007fd12c001000 JavaThread "JDWP Command Reader" daemon [_thread_in_native, id=2070, stack(0x00007fd14c1c1000,0x00007fd14c2c2000)]
  0x00007fd1640d3000 JavaThread "JDWP Event Helper Thread" daemon [_thread_blocked, id=2069, stack(0x00007fd14c2c2000,0x00007fd14c3c3000)]
=>0x00007fd1640cf000 JavaThread "JDWP Transport Listener: dt_socket" daemon [_thread_in_vm, id=2065, stack(0x00007fd14c3c3000,0x00007fd14c4c4000)]
  0x00007fd1640bf000 JavaThread "Signal Dispatcher" daemon [_thread_blocked, id=2063, stack(0x00007fd14c6c8000,0x00007fd14c7c9000)]
  0x00007fd16408d000 JavaThread "Finalizer" daemon [_thread_blocked, id=2062, stack(0x00007fd14c7c9000,0x00007fd14c8ca000)]
  0x00007fd164088800 JavaThread "Reference Handler" daemon [_thread_blocked, id=2061, stack(0x00007fd14c8ca000,0x00007fd14c9cb000)]
  0x00007fd164013000 JavaThread "main" [_thread_in_Java, id=2053, stack(0x00007fd16c30b000,0x00007fd16c40c000)]

Other Threads:
  0x00007fd164081000 VMThread [stack: 0x00007fd14c9cb000,0x00007fd14cacc000] [id=2060]
  0x00007fd1640e0800 WatcherThread [stack: 0x00007fd11fbfc000,0x00007fd11fcfd000] [id=2080]

VM state:not at safepoint (normal execution)

VM Mutex/Monitor currently owned by a thread: None

Heap:
 PSYoungGen      total 56320K, used 25318K [0x0000000781f00000, 0x0000000785d80000, 0x00000007c0000000)
  eden space 48640K, 52% used [0x0000000781f00000,0x00000007837b9b20,0x0000000784e80000)
  from space 7680K, 0% used [0x0000000785600000,0x0000000785600000,0x0000000785d80000)
  to   space 7680K, 0% used [0x0000000784e80000,0x0000000784e80000,0x0000000785600000)
 ParOldGen       total 128512K, used 0K [0x0000000705c00000, 0x000000070d980000, 0x0000000781f00000)
  object space 128512K, 0% used [0x0000000705c00000,0x0000000705c00000,0x000000070d980000)
 Metaspace       used 6285K, capacity 7362K, committed 7680K, reserved 1056768K
  class space    used 621K, capacity 655K, committed 768K, reserved 1048576K

Card table byte_map: [0x00007fd154a2d000,0x00007fd155000000] byte_map_base: 0x00007fd1511ff000

Marking Bits: (ParMarkBitMap*) 0x00007fd16b7dfd60
 Begin Bits: [0x00007fd14ea0a000, 0x00007fd15189a000)
 End Bits:   [0x00007fd15189a000, 0x00007fd15472a000)

Polling page: 0x00007fd16c428000

CodeCache: size=245760Kb used=2311Kb max_used=2321Kb free=243448Kb
 bounds [0x00007fd155000000, 0x00007fd155270000, 0x00007fd164000000]
 total_blobs=747 nmethods=492 adapters=177
 compilation: enabled

Compilation events (10 events):
Event: 0.754 Thread 0x00007fd1640d9800  491       3       com.belhopat.backoffice.excel.PoiReadExcelFile::getEmployeeCodes (40 bytes)
Event: 0.755 Thread 0x00007fd1640d9800 nmethod 491 0x00007fd1552384d0 code [0x00007fd1552386e0, 0x00007fd155239268]
Event: 0.755 Thread 0x00007fd1640d9800  471       3       org.apache.poi.hssf.model.InternalWorkbook::getSSTString (64 bytes)
Event: 0.756 Thread 0x00007fd1640d9800 nmethod 471 0x00007fd155241290 code [0x00007fd155241440, 0x00007fd155241a38]
Event: 0.756 Thread 0x00007fd1640d9800  472       3       org.apache.poi.hssf.record.SSTRecord::getString (12 bytes)
Event: 0.756 Thread 0x00007fd1640d5000  492 %     4       com.belhopat.backoffice.excel.PoiReadExcelFile::getEmployeeCodes @ 11 (40 bytes)
Event: 0.765 Thread 0x00007fd1640d5000 nmethod 492% 0x00007fd155245010 code [0x00007fd1552451e0, 0x00007fd1552458f8]
Event: 0.765 Thread 0x00007fd1640d9800 nmethod 472 0x00007fd155237dd0 code [0x00007fd155237f60, 0x00007fd1552382e8]
Event: 0.765 Thread 0x00007fd1640d9800  473       3       org.apache.poi.util.IntMapper::get (11 bytes)
Event: 0.765 Thread 0x00007fd1640d9800 nmethod 473 0x00007fd155244b90 code [0x00007fd155244d00, 0x00007fd155244f28]

GC Heap History (0 events):
No events

Deoptimization events (2 events):
Event: 0.247 Thread 0x00007fd164013000 Uncommon trap: reason=unstable_if action=reinterpret pc=0x00007fd15510af28 method=java.lang.String.hashCode()I @ 14
Event: 0.577 Thread 0x00007fd164013000 Uncommon trap: reason=unstable_if action=reinterpret pc=0x00007fd1551e8d48 method=java.util.HashMap.getNode(ILjava/lang/Object;)Ljava/util/HashMap$Node; @ 84

Internal exceptions (2 events):
Event: 0.059 Thread 0x00007fd164013000 Exception <a 'java/lang/NoSuchMethodError': Method sun.misc.Unsafe.defineClass(Ljava/lang/String;[BII)Ljava/lang/Class; name or signature does not match> (0x0000000781f07cc0) thrown at [/HUDSON/workspace/8-2-build-linux-amd64/jdk8u91/6644/hotspot/src/shar
Event: 0.059 Thread 0x00007fd164013000 Exception <a 'java/lang/NoSuchMethodError': Method sun.misc.Unsafe.prefetchRead(Ljava/lang/Object;J)V name or signature does not match> (0x0000000781f07fa8) thrown at [/HUDSON/workspace/8-2-build-linux-amd64/jdk8u91/6644/hotspot/src/share/vm/prims/jni.cpp

Events (10 events):
Event: 8030.011 Executing VM operation: RedefineClasses
Event: 8030.016 Executing VM operation: RedefineClasses done
Event: 8072.484 Executing VM operation: RedefineClasses
Event: 8072.493 Executing VM operation: RedefineClasses done
Event: 8096.053 Executing VM operation: RedefineClasses
Event: 8096.085 Executing VM operation: RedefineClasses done
Event: 8126.663 Executing VM operation: RedefineClasses
Event: 8126.667 Executing VM operation: RedefineClasses done
Event: 9250.502 Executing VM operation: RedefineClasses
Event: 9250.513 Executing VM operation: RedefineClasses done


Dynamic libraries:
00400000-00401000 r-xp 00000000 08:06 7078742                            /usr/lib/jvm/java-8-oracle/bin/java
00600000-00601000 rw-p 00000000 08:06 7078742                            /usr/lib/jvm/java-8-oracle/bin/java
01796000-017b7000 rw-p 00000000 00:00 0                                  [heap]
705c00000-70d980000 rw-p 00000000 00:00 0 
70d980000-781f00000 ---p 00000000 00:00 0 
781f00000-785d80000 rw-p 00000000 00:00 0 
785d80000-7c0000000 ---p 00000000 00:00 0 
7c0000000-7c00c0000 rw-p 00000000 00:00 0 
7c00c0000-800000000 ---p 00000000 00:00 0 
7fd108000000-7fd108021000 rw-p 00000000 00:00 0 
7fd108021000-7fd10c000000 ---p 00000000 00:00 0 
7fd10c000000-7fd10c021000 rw-p 00000000 00:00 0 
7fd10c021000-7fd110000000 ---p 00000000 00:00 0 
7fd110000000-7fd1101ab000 rw-p 00000000 00:00 0 
7fd1101ab000-7fd114000000 ---p 00000000 00:00 0 
7fd114000000-7fd1141b2000 rw-p 00000000 00:00 0 
7fd1141b2000-7fd118000000 ---p 00000000 00:00 0 
7fd118000000-7fd11812d000 rw-p 00000000 00:00 0 
7fd11812d000-7fd11c000000 ---p 00000000 00:00 0 
7fd11f576000-7fd11f579000 rw-p 00000000 00:00 0 
7fd11f579000-7fd11f58a000 r-xp 00000000 08:06 6827731                    /usr/lib/jvm/java-8-oracle/jre/lib/amd64/libnio.so
7fd11f58a000-7fd11f789000 ---p 00011000 08:06 6827731                    /usr/lib/jvm/java-8-oracle/jre/lib/amd64/libnio.so
7fd11f789000-7fd11f78a000 rw-p 00010000 08:06 6827731                    /usr/lib/jvm/java-8-oracle/jre/lib/amd64/libnio.so
7fd11f78a000-7fd11f7a0000 r-xp 00000000 08:06 6827729                    /usr/lib/jvm/java-8-oracle/jre/lib/amd64/libnet.so
7fd11f7a0000-7fd11f9a0000 ---p 00016000 08:06 6827729                    /usr/lib/jvm/java-8-oracle/jre/lib/amd64/libnet.so
7fd11f9a0000-7fd11f9a1000 rw-p 00016000 08:06 6827729                    /usr/lib/jvm/java-8-oracle/jre/lib/amd64/libnet.so
7fd11f9a1000-7fd11f9cb000 r--s 00240000 08:06 6038450                    /home/sujith/.m2/repository/org/apache/poi/poi/3.14/poi-3.14.jar
7fd11f9cb000-7fd11f9cd000 r--s 0000d000 08:06 4983536                    /home/sujith/.m2/repository/commons-fileupload/commons-fileupload/1.2.2/commons-fileupload-1.2.2.jar
7fd11f9cd000-7fd11f9d7000 r--s 0005c000 08:06 5772965                    /home/sujith/.m2/repository/jstl/jstl/1.2/jstl-1.2.jar
7fd11f9d7000-7fd11f9e0000 r--s 00058000 08:06 4853171                    /home/sujith/.m2/repository/taglibs/standard/1.1.2/standard-1.1.2.jar
7fd11f9e0000-7fd11fa4e000 r--s 00920000 08:06 5510494                    /home/sujith/.m2/repository/org/aspectj/aspectjtools/1.7.4/aspectjtools-1.7.4.jar
7fd11fa4e000-7fd11fa53000 r--s 00019000 08:06 6423826                    /home/sujith/.m2/repository/org/aspectj/aspectjrt/1.7.4/aspectjrt-1.7.4.jar
7fd11fa53000-7fd11fa5c000 r--s 00051000 08:06 5250124                    /home/sujith/.m2/repository/org/springframework/spring-aop/4.2.2.RELEASE/spring-aop-4.2.2.RELEASE.jar
7fd11fa5c000-7fd11fa5f000 r--s 00013000 08:06 4983534                    /home/sujith/.m2/repository/commons-io/commons-io/1.3.2/commons-io-1.3.2.jar
7fd11fa5f000-7fd11fa63000 r--s 0002e000 08:06 6039123                    /home/sujith/.m2/repository/org/codehaus/jackson/jackson-core-asl/1.6.4/jackson-core-asl-1.6.4.jar
7fd11fa63000-7fd11fa6d000 r--s 0007b000 08:06 6038579                    /home/sujith/.m2/repository/org/codehaus/jackson/jackson-mapper-asl/1.6.4/jackson-mapper-asl-1.6.4.jar
7fd11fa6d000-7fd11fa76000 r--s 0006d000 08:06 4983526                    /home/sujith/.m2/repository/log4j/log4j/1.2.16/log4j-1.2.16.jar
7fd11fa76000-7fd11fa77000 r--s 00002000 08:06 5123146                    /home/sujith/.m2/repository/org/slf4j/slf4j-log4j12/1.6.1/slf4j-log4j12-1.6.1.jar
7fd11fa77000-7fd11fa7b000 r--s 0000c000 08:06 4853169                    /home/sujith/.m2/repository/javax/validation/validation-api/1.1.0.Final/validation-api-1.1.0.Final.jar
7fd11fa7b000-7fd11fa82000 r--s 0005e000 08:06 5122815                    /home/sujith/.m2/repository/org/apache/commons/commons-lang3/3.3.2/commons-lang3-3.3.2.jar
7fd11fa82000-7fd11faad000 r--s 001f9000 08:06 5121424                    /home/sujith/.m2/repository/com/google/guava/guava/17.0/guava-17.0.jar
7fd11faad000-7fd11faaf000 r--s 00007000 08:06 6423824                    /home/sujith/.m2/repository/com/fasterxml/jackson/core/jackson-annotations/2.3.0/jackson-annotations-2.3.0.jar
7fd11faaf000-7fd11fac1000 r--s 000ce000 08:06 6423822                    /home/sujith/.m2/repository/com/fasterxml/jackson/core/jackson-databind/2.3.0/jackson-databind-2.3.0.jar
7fd11fac1000-7fd11fac5000 r--s 0002d000 08:06 6163862                    /home/sujith/.m2/repository/com/fasterxml/jackson/core/jackson-core/2.3.0/jackson-core-2.3.0.jar
7fd11fac5000-7fd11fac9000 r--s 0001b000 08:06 4986779                    /home/sujith/.m2/repository/org/perf4j/perf4j/0.9.16/perf4j-0.9.16.jar
7fd11fac9000-7fd11facb000 r--s 00006000 08:06 4988011                    /home/sujith/.m2/repository/org/slf4j/slf4j-api/1.7.6/slf4j-api-1.7.6.jar
7fd11facb000-7fd11facf000 r--s 00036000 08:06 6037346                    /home/sujith/.m2/repository/org/apache/tomcat/tomcat-dbcp/7.0.42/tomcat-dbcp-7.0.42.jar
7fd11facf000-7fd11fad0000 r--s 00000000 08:06 6423820                    /home/sujith/.m2/repository/com/infradna/tool/bridge-method-annotation/1.13/bridge-method-annotation-1.13.jar
7fd11fad0000-7fd11fad1000 r--s 00002000 08:06 6423818                    /home/sujith/.m2/repository/com/mysema/commons/mysema-commons-lang/0.2.4/mysema-commons-lang-0.2.4.jar
7fd11fad1000-7fd11fada000 r--s 0006a000 08:06 6423816                    /home/sujith/.m2/repository/com/mysema/querydsl/querydsl-core/3.6.3/querydsl-core-3.6.3.jar
7fd11fada000-7fd11fadd000 r--s 0001a000 08:06 6423814                    /home/sujith/.m2/repository/com/mysema/querydsl/querydsl-jpa/3.6.3/querydsl-jpa-3.6.3.jar
7fd11fadd000-7fd11fade000 r--s 00000000 08:06 5250120                    /home/sujith/.m2/repository/javax/inject/javax.inject/1/javax.inject-1.jar
7fd11fade000-7fd11faed000 r--s 001b0000 08:06 4985155                    /home/sujith/.m2/repository/org/eclipse/jdt/core/compiler/ecj/4.3.1/ecj-4.3.1.jar
7fd11faed000-7fd11faef000 r--s 00010000 08:06 6423812                    /home/sujith/.m2/repository/com/mysema/codegen/codegen/0.6.6/codegen-0.6.6.jar
7fd11faef000-7fd11faf1000 r--s 00010000 08:06 6423810                    /home/sujith/.m2/repository/com/mysema/querydsl/querydsl-codegen/3.6.3/querydsl-codegen-3.6.3.jar
7fd11faf1000-7fd11faf3000 r--s 0000f000 08:06 6294719                    /home/sujith/.m2/repository/com/mysema/querydsl/querydsl-apt/3.6.3/querydsl-apt-3.6.3.jar
7fd11faf3000-7fd11fafd000 r--s 0005f000 08:06 6295179                    /home/sujith/.m2/repository/org/hibernate/hibernate-envers/4.3.5.Final/hibernate-envers-4.3.5.Final.jar
7fd11fafd000-7fd11fb0b000 r--s 00090000 08:06 6294717                    /home/sujith/.m2/repository/org/hibernate/hibernate-entitymanager/4.3.5.Final/hibernate-entitymanager-4.3.5.Final.jar
7fd11fb0b000-7fd11fb0d000 r--s 00011000 08:06 4984072                    /home/sujith/.m2/repository/org/jboss/jandex/1.1.0.Final/jandex-1.1.0.Final.jar
7fd11fb0d000-7fd11fb12000 r--s 00068000 08:06 4853147                    /home/sujith/.m2/repository/antlr/antlr/2.7.7/antlr-2.7.7.jar
7fd11fb12000-7fd11fb1c000 r--s 000a5000 08:06 4984070                    /home/sujith/.m2/repository/org/javassist/javassist/3.18.1-GA/javassist-3.18.1-GA.jar
7fd11fb1c000-7fd11fb21000 r--s 00017000 08:06 4984068                    /home/sujith/.m2/repository/org/hibernate/javax/persistence/hibernate-jpa-2.1-api/1.0.0.Final/hibernate-jpa-2.1-api-1.0.0.Final.jar
7fd11fb21000-7fd11fb24000 r--s 00010000 08:06 6294715                    /home/sujith/.m2/repository/org/hibernate/common/hibernate-commons-annotations/4.0.4.Final/hibernate-commons-annotations-4.0.4.Final.jar
7fd11fb24000-7fd11fb25000 r--s 00006000 08:06 4984041                    /home/sujith/.m2/repository/org/jboss/spec/javax/transaction/jboss-transaction-api_1.2_spec/1.0.0.Final/jboss-transaction-api_1.2_spec-1.0.0.Final.jar
7fd11fb25000-7fd11fb26000 r--s 00002000 08:06 4984039                    /home/sujith/.m2/repository/org/jboss/logging/jboss-logging-annotations/1.2.0.Beta1/jboss-logging-annotations-1.2.0.Beta1.jar
7fd11fb26000-7fd11fb28000 r--s 0000c000 08:06 4984037                    /home/sujith/.m2/repository/org/jboss/logging/jboss-logging/3.1.3.GA/jboss-logging-3.1.3.GA.jar
7fd11fb28000-7fd11fb85000 r--s 004a0000 08:06 6294713                    /home/sujith/.m2/repository/org/hibernate/hibernate-core/4.3.5.Final/hibernate-core-4.3.5.Final.jar
7fd11fb85000-7fd11fb87000 r--s 00003000 08:06 6294711                    /home/sujith/.m2/repository/org/slf4j/jcl-over-slf4j/1.7.12/jcl-over-slf4j-1.7.12.jar
7fd11fb87000-7fd11fb8f000 r--s 00054000 08:06 4852459                    /home/sujith/.m2/repository/org/springframework/spring-orm/4.1.7.RELEASE/spring-orm-4.1.7.RELEASE.jar
7fd11fb8f000-7fd11fb9f000 r--s 0008c000 08:06 6294709                    /home/sujith/.m2/repository/org/springframework/data/spring-data-commons/1.11.0.RELEASE/spring-data-commons-1.11.0.RELEASE.jar
7fd11fb9f000-7fd11fba6000 r--s 00038000 08:06 6294707                    /home/sujith/.m2/repository/org/springframework/data/spring-data-jpa/1.9.0.RELEASE/spring-data-jpa-1.9.0.RELEASE.jar
7fd11fba6000-7fd11fbac000 r--s 00033000 08:06 5121443                    /home/sujith/.m2/repository/commons-codec/commons-codec/1.6/commons-codec-1.6.jar
7fd11fbac000-7fd11fbb7000 r--s 0005a000 08:06 6294705                    /home/sujith/.m2/repository/org/springframework/security/oauth/spring-security-oauth2/2.0.2.RELEASE/spring-security-oauth2-2.0.2.RELEASE.jar
7fd11fbb7000-7fd11fbba000 r--s 00012000 08:06 6294701                    /home/sujith/.m2/repository/org/springframework/security/spring-security-acl/4.0.2.RELEASE/spring-security-acl-4.0.2.RELEASE.jar
7fd11fbba000-7fd11fbbb000 r--s 00004000 08:06 5902987                    /home/sujith/.m2/repository/org/springframework/security/spring-security-taglibs/4.0.2.RELEASE/spring-security-taglibs-4.0.2.RELEASE.jar
7fd11fbbb000-7fd11fbc3000 r--s 0006c000 08:06 5902985                    /home/sujith/.m2/repository/org/springframework/security/spring-security-config/4.0.2.RELEASE/spring-security-config-4.0.2.RELEASE.jar
7fd11fbc3000-7fd11fbcc000 r--s 00047000 08:06 5772961                    /home/sujith/.m2/repository/org/springframework/security/spring-security-web/4.0.2.RELEASE/spring-security-web-4.0.2.RELEASE.jar
7fd11fbcc000-7fd11fbce000 r--s 00000000 08:06 4851594                    /home/sujith/.m2/repository/aopalliance/aopalliance/1.0/aopalliance-1.0.jar
7fd11fbce000-7fd11fbd9000 r--s 0004d000 08:06 5641862                    /home/sujith/.m2/repository/org/springframework/security/spring-security-core/4.0.2.RELEASE/spring-security-core-4.0.2.RELEASE.jar
7fd11fbd9000-7fd11fbdc000 r--s 0001b000 08:06 4986753                    /home/sujith/.m2/repository/org/apache/struts/struts-tiles/1.3.8/struts-tiles-1.3.8.jar
7fd11fbdc000-7fd11fbe1000 r--s 00039000 08:06 4986751                    /home/sujith/.m2/repository/org/apache/struts/struts-taglib/1.3.8/struts-taglib-1.3.8.jar
7fd11fbe1000-7fd11fbe7000 r--s 0004b000 08:06 4986749                    /home/sujith/.m2/repository/org/apache/struts/struts-core/1.3.8/struts-core-1.3.8.jar
7fd11fbe7000-7fd11fbe9000 r--s 00005000 08:06 4986747                    /home/sujith/.m2/repository/sslext/sslext/1.2-0/sslext-1.2-0.jar
7fd11fbe9000-7fd11fbeb000 r--s 0000e000 08:06 4986731                    /home/sujith/.m2/repository/oro/oro/2.0.8/oro-2.0.8.jar
7fd11fbeb000-7fd11fbf3000 r--s 00068000 08:06 4986745                    /home/sujith/.m2/repository/dom4j/dom4j/1.1/dom4j-1.1.jar
7fd11fbf3000-7fd11fbf7000 r--s 00020000 08:06 4986737                    /home/sujith/.m2/repository/commons-digester/commons-digester/1.8/commons-digester-1.8.jar
7fd11fbf7000-7fd11fbfc000 r--s 0002a000 08:06 4986735                    /home/sujith/.m2/repository/commons-beanutils/commons-beanutils/1.7.0/commons-beanutils-1.7.0.jar
7fd11fbfc000-7fd11fbfd000 ---p 00000000 00:00 0 
7fd11fbfd000-7fd11fcfd000 rw-p 00000000 00:00 0                          [stack:2080]
7fd11fcfd000-7fd11fd00000 ---p 00000000 00:00 0 
7fd11fd00000-7fd11fdfe000 rw-p 00000000 00:00 0                          [stack:2079]
7fd11fdfe000-7fd11fe01000 ---p 00000000 00:00 0 
7fd11fe01000-7fd11feff000 rw-p 00000000 00:00 0                          [stack:2078]
7fd11feff000-7fd11ff02000 ---p 00000000 00:00 0 
7fd11ff02000-7fd120000000 rw-p 00000000 00:00 0                          [stack:2077]
7fd120000000-7fd120021000 rw-p 00000000 00:00 0 
7fd120021000-7fd124000000 ---p 00000000 00:00 0 
7fd124000000-7fd124021000 rw-p 00000000 00:00 0 
7fd124021000-7fd128000000 ---p 00000000 00:00 0 
7fd128000000-7fd128021000 rw-p 00000000 00:00 0 
7fd128021000-7fd12c000000 ---p 00000000 00:00 0 
7fd12c000000-7fd12c2ac000 rw-p 00000000 00:00 0 
7fd12c2ac000-7fd130000000 ---p 00000000 00:00 0 
7fd130000000-7fd130021000 rw-p 00000000 00:00 0 
7fd130021000-7fd134000000 ---p 00000000 00:00 0 
7fd134000000-7fd134021000 rw-p 00000000 00:00 0 
7fd134021000-7fd138000000 ---p 00000000 00:00 0 
7fd138000000-7fd138021000 rw-p 00000000 00:00 0 
7fd138021000-7fd13c000000 ---p 00000000 00:00 0 
7fd13c000000-7fd13c021000 rw-p 00000000 00:00 0 
7fd13c021000-7fd140000000 ---p 00000000 00:00 0 
7fd140000000-7fd140021000 rw-p 00000000 00:00 0 
7fd140021000-7fd144000000 ---p 00000000 00:00 0 
7fd144000000-7fd144021000 rw-p 00000000 00:00 0 
7fd144021000-7fd148000000 ---p 00000000 00:00 0 
7fd148000000-7fd148021000 rw-p 00000000 00:00 0 
7fd148021000-7fd14c000000 ---p 00000000 00:00 0 
7fd14c000000-7fd14c003000 r--s 0001f000 08:06 4986743                    /home/sujith/.m2/repository/commons-validator/commons-validator/1.3.1/commons-validator-1.3.1.jar
7fd14c003000-7fd14c009000 r--s 0004f000 08:06 5510439                    /home/sujith/.m2/repository/org/apache/velocity/velocity-tools/2.0/velocity-tools-2.0.jar
7fd14c009000-7fd14c00d000 r--s 0003c000 08:06 4983532                    /home/sujith/.m2/repository/commons-lang/commons-lang/2.4/commons-lang-2.4.jar
7fd14c00d000-7fd14c01b000 r--s 0007f000 08:06 4983530                    /home/sujith/.m2/repository/commons-collections/commons-collections/3.2.1/commons-collections-3.2.1.jar
7fd14c01b000-7fd14c023000 r--s 00066000 08:06 4983528                    /home/sujith/.m2/repository/org/apache/velocity/velocity/1.7/velocity-1.7.jar
7fd14c023000-7fd14c02b000 r--s 00078000 08:06 4987189                    /home/sujith/.m2/repository/javax/mail/mail/1.4.7/mail-1.4.7.jar
7fd14c02b000-7fd14c032000 r--s 000a5000 08:06 6038520                    /home/sujith/.m2/repository/mysql/mysql-connector-java/5.1.6/mysql-connector-java-5.1.6.jar
7fd14c032000-7fd14c039000 r--s 0003a000 08:06 5510490                    /home/sujith/.m2/repository/org/springframework/spring-tx/4.2.2.RELEASE/spring-tx-4.2.2.RELEASE.jar
7fd14c039000-7fd14c052000 r--s 001af000 08:06 5510486                    /home/sujith/.m2/repository/org/aspectj/aspectjweaver/1.8.7/aspectjweaver-1.8.7.jar
7fd14c052000-7fd14c055000 r--s 0000c000 08:06 5376679                    /home/sujith/.m2/repository/org/springframework/spring-aspects/4.2.2.RELEASE/spring-aspects-4.2.2.RELEASE.jar
7fd14c055000-7fd14c06a000 r--s 000f0000 08:06 5250118                    /home/sujith/.m2/repository/org/springframework/spring-core/4.2.2.RELEASE/spring-core-4.2.2.RELEASE.jar
7fd14c06a000-7fd14c06f000 r--s 00027000 08:06 5510492                    /home/sujith/.m2/repository/org/springframework/spring-context-support/4.2.2.RELEASE/spring-context-support-4.2.2.RELEASE.jar
7fd14c06f000-7fd14c088000 r--s 000f1000 08:06 5376675                    /home/sujith/.m2/repository/org/springframework/spring-context/4.2.2.RELEASE/spring-context-4.2.2.RELEASE.jar
7fd14c088000-7fd14c08d000 r--s 0003c000 08:06 5376677                    /home/sujith/.m2/repository/org/springframework/spring-expression/4.2.2.RELEASE/spring-expression-4.2.2.RELEASE.jar
7fd14c08d000-7fd14c09e000 r--s 000c5000 08:06 5510488                    /home/sujith/.m2/repository/org/springframework/spring-webmvc/4.2.2.RELEASE/spring-webmvc-4.2.2.RELEASE.jar
7fd14c09e000-7fd14c0ac000 r--s 000a5000 08:06 5250116                    /home/sujith/.m2/repository/org/springframework/spring-beans/4.2.2.RELEASE/spring-beans-4.2.2.RELEASE.jar
7fd14c0ac000-7fd14c0bd000 r--s 000ab000 08:06 5250114                    /home/sujith/.m2/repository/org/springframework/spring-web/4.2.2.RELEASE/spring-web-4.2.2.RELEASE.jar
7fd14c0bd000-7fd14c0c0000 r--s 00015000 08:06 6557589                    /home/sujith/.m2/repository/javax/servlet/javax.servlet-api/3.1.0/javax.servlet-api-3.1.0.jar
7fd14c0c0000-7fd14c0c3000 ---p 00000000 00:00 0 
7fd14c0c3000-7fd14c1c1000 rw-p 00000000 00:00 0                          [stack:2074]
7fd14c1c1000-7fd14c1c4000 ---p 00000000 00:00 0 
7fd14c1c4000-7fd14c2c2000 rw-p 00000000 00:00 0                          [stack:2070]
7fd14c2c2000-7fd14c2c5000 ---p 00000000 00:00 0 
7fd14c2c5000-7fd14c3c3000 rw-p 00000000 00:00 0                          [stack:2069]
7fd14c3c3000-7fd14c3c6000 ---p 00000000 00:00 0 
7fd14c3c6000-7fd14c4c4000 rw-p 00000000 00:00 0                          [stack:2065]
7fd14c4c4000-7fd14c4c8000 r-xp 00000000 08:06 6827703                    /usr/lib/jvm/java-8-oracle/jre/lib/amd64/libdt_socket.so
7fd14c4c8000-7fd14c6c7000 ---p 00004000 08:06 6827703                    /usr/lib/jvm/java-8-oracle/jre/lib/amd64/libdt_socket.so
7fd14c6c7000-7fd14c6c8000 rw-p 00003000 08:06 6827703                    /usr/lib/jvm/java-8-oracle/jre/lib/amd64/libdt_socket.so
7fd14c6c8000-7fd14c6cb000 ---p 00000000 00:00 0 
7fd14c6cb000-7fd14c7c9000 rw-p 00000000 00:00 0                          [stack:2063]
7fd14c7c9000-7fd14c7cc000 ---p 00000000 00:00 0 
7fd14c7cc000-7fd14c8ca000 rw-p 00000000 00:00 0                          [stack:2062]
7fd14c8ca000-7fd14c8cd000 ---p 00000000 00:00 0 
7fd14c8cd000-7fd14c9cb000 rw-p 00000000 00:00 0                          [stack:2061]
7fd14c9cb000-7fd14c9cc000 ---p 00000000 00:00 0 
7fd14c9cc000-7fd14da5f000 rw-p 00000000 00:00 0                          [stack:2060]
7fd14da5f000-7fd14dc38000 r--s 03d1f000 08:06 6827513                    /usr/lib/jvm/java-8-oracle/jre/lib/rt.jar
7fd14dc38000-7fd14e2f8000 rw-p 00000000 00:00 0 
7fd14e2f8000-7fd14e438000 ---p 00000000 00:00 0 
7fd14e438000-7fd15472a000 rw-p 00000000 00:00 0 
7fd15472a000-7fd15472b000 ---p 00000000 00:00 0 
7fd15472b000-7fd15482b000 rw-p 00000000 00:00 0                          [stack:2059]
7fd15482b000-7fd15482c000 ---p 00000000 00:00 0 
7fd15482c000-7fd15492c000 rw-p 00000000 00:00 0                          [stack:2057]
7fd15492c000-7fd15492d000 ---p 00000000 00:00 0 
7fd15492d000-7fd154a6c000 rw-p 00000000 00:00 0                          [stack:2056]
7fd154a6c000-7fd154e0e000 ---p 00000000 00:00 0 
7fd154e0e000-7fd154e2e000 rw-p 00000000 00:00 0 
7fd154e2e000-7fd154fff000 ---p 00000000 00:00 0 
7fd154fff000-7fd155000000 rw-p 00000000 00:00 0 
7fd155000000-7fd155270000 rwxp 00000000 00:00 0 
7fd155270000-7fd164000000 ---p 00000000 00:00 0 
7fd164000000-7fd164978000 rw-p 00000000 00:00 0 
7fd164978000-7fd168000000 ---p 00000000 00:00 0 
7fd168000000-7fd168002000 r--s 00014000 08:06 4986739                    /home/sujith/.m2/repository/commons-chain/commons-chain/1.1/commons-chain-1.1.jar
7fd168002000-7fd1680c7000 rw-p 00000000 00:00 0 
7fd1680c7000-7fd1680c8000 ---p 00000000 00:00 0 
7fd1680c8000-7fd168207000 rw-p 00000000 00:00 0                          [stack:2055]
7fd168207000-7fd1685aa000 ---p 00000000 00:00 0 
7fd1685aa000-7fd1685b4000 rw-p 00000000 00:00 0 
7fd1685b4000-7fd16896a000 ---p 00000000 00:00 0 
7fd16896a000-7fd168984000 r-xp 00000000 08:06 6827722                    /usr/lib/jvm/java-8-oracle/jre/lib/amd64/libzip.so
7fd168984000-7fd168b84000 ---p 0001a000 08:06 6827722                    /usr/lib/jvm/java-8-oracle/jre/lib/amd64/libzip.so
7fd168b84000-7fd168b85000 rw-p 0001a000 08:06 6827722                    /usr/lib/jvm/java-8-oracle/jre/lib/amd64/libzip.so
7fd168b85000-7fd168b90000 r-xp 00000000 08:06 1709156                    /lib/x86_64-linux-gnu/libnss_files-2.19.so
7fd168b90000-7fd168d8f000 ---p 0000b000 08:06 1709156                    /lib/x86_64-linux-gnu/libnss_files-2.19.so
7fd168d8f000-7fd168d90000 r--p 0000a000 08:06 1709156                    /lib/x86_64-linux-gnu/libnss_files-2.19.so
7fd168d90000-7fd168d91000 rw-p 0000b000 08:06 1709156                    /lib/x86_64-linux-gnu/libnss_files-2.19.so
7fd168d91000-7fd168d9c000 r-xp 00000000 08:06 1708143                    /lib/x86_64-linux-gnu/libnss_nis-2.19.so
7fd168d9c000-7fd168f9b000 ---p 0000b000 08:06 1708143                    /lib/x86_64-linux-gnu/libnss_nis-2.19.so
7fd168f9b000-7fd168f9c000 r--p 0000a000 08:06 1708143                    /lib/x86_64-linux-gnu/libnss_nis-2.19.so
7fd168f9c000-7fd168f9d000 rw-p 0000b000 08:06 1708143                    /lib/x86_64-linux-gnu/libnss_nis-2.19.so
7fd168f9d000-7fd168fb4000 r-xp 00000000 08:06 1708102                    /lib/x86_64-linux-gnu/libnsl-2.19.so
7fd168fb4000-7fd1691b3000 ---p 00017000 08:06 1708102                    /lib/x86_64-linux-gnu/libnsl-2.19.so
7fd1691b3000-7fd1691b4000 r--p 00016000 08:06 1708102                    /lib/x86_64-linux-gnu/libnsl-2.19.so
7fd1691b4000-7fd1691b5000 rw-p 00017000 08:06 1708102                    /lib/x86_64-linux-gnu/libnsl-2.19.so
7fd1691b5000-7fd1691b7000 rw-p 00000000 00:00 0 
7fd1691b7000-7fd1691c0000 r-xp 00000000 08:06 1708092                    /lib/x86_64-linux-gnu/libnss_compat-2.19.so
7fd1691c0000-7fd1693bf000 ---p 00009000 08:06 1708092                    /lib/x86_64-linux-gnu/libnss_compat-2.19.so
7fd1693bf000-7fd1693c0000 r--p 00008000 08:06 1708092                    /lib/x86_64-linux-gnu/libnss_compat-2.19.so
7fd1693c0000-7fd1693c1000 rw-p 00009000 08:06 1708092                    /lib/x86_64-linux-gnu/libnss_compat-2.19.so
7fd1693c1000-7fd169aa3000 r--p 00000000 08:06 6822907                    /usr/lib/locale/locale-archive
7fd169aa3000-7fd169aa5000 r-xp 00000000 08:06 6827677                    /usr/lib/jvm/java-8-oracle/jre/lib/amd64/libnpt.so
7fd169aa5000-7fd169ca5000 ---p 00002000 08:06 6827677                    /usr/lib/jvm/java-8-oracle/jre/lib/amd64/libnpt.so
7fd169ca5000-7fd169ca6000 rw-p 00002000 08:06 6827677                    /usr/lib/jvm/java-8-oracle/jre/lib/amd64/libnpt.so
7fd169ca6000-7fd169cdf000 r-xp 00000000 08:06 6827682                    /usr/lib/jvm/java-8-oracle/jre/lib/amd64/libjdwp.so
7fd169cdf000-7fd169ede000 ---p 00039000 08:06 6827682                    /usr/lib/jvm/java-8-oracle/jre/lib/amd64/libjdwp.so
7fd169ede000-7fd169ee0000 rw-p 00038000 08:06 6827682                    /usr/lib/jvm/java-8-oracle/jre/lib/amd64/libjdwp.so
7fd169ee0000-7fd169f0a000 r-xp 00000000 08:06 6827662                    /usr/lib/jvm/java-8-oracle/jre/lib/amd64/libjava.so
7fd169f0a000-7fd16a10a000 ---p 0002a000 08:06 6827662                    /usr/lib/jvm/java-8-oracle/jre/lib/amd64/libjava.so
7fd16a10a000-7fd16a10c000 rw-p 0002a000 08:06 6827662                    /usr/lib/jvm/java-8-oracle/jre/lib/amd64/libjava.so
7fd16a10c000-7fd16a119000 r-xp 00000000 08:06 6827658                    /usr/lib/jvm/java-8-oracle/jre/lib/amd64/libverify.so
7fd16a119000-7fd16a319000 ---p 0000d000 08:06 6827658                    /usr/lib/jvm/java-8-oracle/jre/lib/amd64/libverify.so
7fd16a319000-7fd16a31b000 rw-p 0000d000 08:06 6827658                    /usr/lib/jvm/java-8-oracle/jre/lib/amd64/libverify.so
7fd16a31b000-7fd16a322000 r-xp 00000000 08:06 1709148                    /lib/x86_64-linux-gnu/librt-2.19.so
7fd16a322000-7fd16a521000 ---p 00007000 08:06 1709148                    /lib/x86_64-linux-gnu/librt-2.19.so
7fd16a521000-7fd16a522000 r--p 00006000 08:06 1709148                    /lib/x86_64-linux-gnu/librt-2.19.so
7fd16a522000-7fd16a523000 rw-p 00007000 08:06 1709148                    /lib/x86_64-linux-gnu/librt-2.19.so
7fd16a523000-7fd16a628000 r-xp 00000000 08:06 1708021                    /lib/x86_64-linux-gnu/libm-2.19.so
7fd16a628000-7fd16a827000 ---p 00105000 08:06 1708021                    /lib/x86_64-linux-gnu/libm-2.19.so
7fd16a827000-7fd16a828000 r--p 00104000 08:06 1708021                    /lib/x86_64-linux-gnu/libm-2.19.so
7fd16a828000-7fd16a829000 rw-p 00105000 08:06 1708021                    /lib/x86_64-linux-gnu/libm-2.19.so
7fd16a829000-7fd16b4e9000 r-xp 00000000 08:06 6827693                    /usr/lib/jvm/java-8-oracle/jre/lib/amd64/server/libjvm.so
7fd16b4e9000-7fd16b6e9000 ---p 00cc0000 08:06 6827693                    /usr/lib/jvm/java-8-oracle/jre/lib/amd64/server/libjvm.so
7fd16b6e9000-7fd16b7c1000 rw-p 00cc0000 08:06 6827693                    /usr/lib/jvm/java-8-oracle/jre/lib/amd64/server/libjvm.so
7fd16b7c1000-7fd16b80c000 rw-p 00000000 00:00 0 
7fd16b80c000-7fd16b9c7000 r-xp 00000000 08:06 1709150                    /lib/x86_64-linux-gnu/libc-2.19.so
7fd16b9c7000-7fd16bbc6000 ---p 001bb000 08:06 1709150                    /lib/x86_64-linux-gnu/libc-2.19.so
7fd16bbc6000-7fd16bbca000 r--p 001ba000 08:06 1709150                    /lib/x86_64-linux-gnu/libc-2.19.so
7fd16bbca000-7fd16bbcc000 rw-p 001be000 08:06 1709150                    /lib/x86_64-linux-gnu/libc-2.19.so
7fd16bbcc000-7fd16bbd1000 rw-p 00000000 00:00 0 
7fd16bbd1000-7fd16bbd4000 r-xp 00000000 08:06 1708066                    /lib/x86_64-linux-gnu/libdl-2.19.so
7fd16bbd4000-7fd16bdd3000 ---p 00003000 08:06 1708066                    /lib/x86_64-linux-gnu/libdl-2.19.so
7fd16bdd3000-7fd16bdd4000 r--p 00002000 08:06 1708066                    /lib/x86_64-linux-gnu/libdl-2.19.so
7fd16bdd4000-7fd16bdd5000 rw-p 00003000 08:06 1708066                    /lib/x86_64-linux-gnu/libdl-2.19.so
7fd16bdd5000-7fd16bdea000 r-xp 00000000 08:06 6827402                    /usr/lib/jvm/java-8-oracle/lib/amd64/jli/libjli.so
7fd16bdea000-7fd16bfea000 ---p 00015000 08:06 6827402                    /usr/lib/jvm/java-8-oracle/lib/amd64/jli/libjli.so
7fd16bfea000-7fd16bfeb000 rw-p 00015000 08:06 6827402                    /usr/lib/jvm/java-8-oracle/lib/amd64/jli/libjli.so
7fd16bfeb000-7fd16c004000 r-xp 00000000 08:06 1708115                    /lib/x86_64-linux-gnu/libpthread-2.19.so
7fd16c004000-7fd16c203000 ---p 00019000 08:06 1708115                    /lib/x86_64-linux-gnu/libpthread-2.19.so
7fd16c203000-7fd16c204000 r--p 00018000 08:06 1708115                    /lib/x86_64-linux-gnu/libpthread-2.19.so
7fd16c204000-7fd16c205000 rw-p 00019000 08:06 1708115                    /lib/x86_64-linux-gnu/libpthread-2.19.so
7fd16c205000-7fd16c209000 rw-p 00000000 00:00 0 
7fd16c209000-7fd16c22c000 r-xp 00000000 08:06 1708135                    /lib/x86_64-linux-gnu/ld-2.19.so
7fd16c22c000-7fd16c30b000 rw-p 00000000 00:00 0 
7fd16c30b000-7fd16c30e000 ---p 00000000 00:00 0 
7fd16c30e000-7fd16c410000 rw-p 00000000 00:00 0                          [stack:2053]
7fd16c410000-7fd16c412000 r--s 0000e000 08:06 4987191                    /home/sujith/.m2/repository/javax/activation/activation/1.1/activation-1.1.jar
7fd16c412000-7fd16c417000 r--s 0002a000 08:06 5121435                    /home/sujith/.m2/repository/com/google/code/gson/gson/2.2.4/gson-2.2.4.jar
7fd16c417000-7fd16c419000 r--s 0000e000 08:06 5374667                    /home/sujith/.m2/repository/commons-logging/commons-logging/1.2/commons-logging-1.2.jar
7fd16c419000-7fd16c41c000 r--s 00019000 08:06 6294317                    /home/sujith/.m2/repository/org/apache/commons/commons-pool2/2.4.2/commons-pool2-2.4.2.jar
7fd16c41c000-7fd16c41f000 r--s 00028000 08:06 6294160                    /home/sujith/.m2/repository/org/apache/commons/commons-dbcp2/2.1.1/commons-dbcp2-2.1.1.jar
7fd16c41f000-7fd16c427000 rw-s 00000000 08:06 6296861                    /tmp/hsperfdata_sujith/2046
7fd16c427000-7fd16c428000 rw-p 00000000 00:00 0 
7fd16c428000-7fd16c429000 r--p 00000000 00:00 0 
7fd16c429000-7fd16c42b000 rw-p 00000000 00:00 0 
7fd16c42b000-7fd16c42c000 r--p 00022000 08:06 1708135                    /lib/x86_64-linux-gnu/ld-2.19.so
7fd16c42c000-7fd16c42d000 rw-p 00023000 08:06 1708135                    /lib/x86_64-linux-gnu/ld-2.19.so
7fd16c42d000-7fd16c42e000 rw-p 00000000 00:00 0 
7ffd6c99b000-7ffd6c9c0000 rw-p 00000000 00:00 0                          [stack]
7ffd6c9da000-7ffd6c9dc000 r-xp 00000000 00:00 0                          [vdso]
7ffd6c9dc000-7ffd6c9de000 r--p 00000000 00:00 0                          [vvar]
ffffffffff600000-ffffffffff601000 r-xp 00000000 00:00 0                  [vsyscall]

VM Arguments:
jvm_args: -agentlib:jdwp=transport=dt_socket,suspend=y,address=localhost:38721 -Dfile.encoding=UTF-8 
java_command: com.belhopat.backoffice.excel.PoiReadExcelFile
java_class_path (initial): /home/sujith/BHP/target/classes:/home/sujith/.m2/repository/org/apache/commons/commons-dbcp2/2.1.1/commons-dbcp2-2.1.1.jar:/home/sujith/.m2/repository/org/apache/commons/commons-pool2/2.4.2/commons-pool2-2.4.2.jar:/home/sujith/.m2/repository/commons-logging/commons-logging/1.2/commons-logging-1.2.jar:/home/sujith/.m2/repository/com/google/code/gson/gson/2.2.4/gson-2.2.4.jar:/home/sujith/.m2/repository/javax/servlet/javax.servlet-api/3.1.0/javax.servlet-api-3.1.0.jar:/home/sujith/.m2/repository/org/springframework/spring-web/4.2.2.RELEASE/spring-web-4.2.2.RELEASE.jar:/home/sujith/.m2/repository/org/springframework/spring-beans/4.2.2.RELEASE/spring-beans-4.2.2.RELEASE.jar:/home/sujith/.m2/repository/org/springframework/spring-webmvc/4.2.2.RELEASE/spring-webmvc-4.2.2.RELEASE.jar:/home/sujith/.m2/repository/org/springframework/spring-expression/4.2.2.RELEASE/spring-expression-4.2.2.RELEASE.jar:/home/sujith/.m2/repository/org/springframework/spring-context/4.2.2.RELEASE/spring-context-4.2.2.RELEASE.jar:/home/sujith/.m2/repository/org/springframework/spring-context-support/4.2.2.RELEASE/spring-context-support-4.2.2.RELEASE.jar:/home/sujith/.m2/repository/org/springframework/spring-core/4.2.2.RELEASE/spring-core-4.2.2.RELEASE.jar:/home/sujith/.m2/repository/org/springframework/spring-aspects/4.2.2.RELEASE/spring-aspects-4.2.2.RELEASE.jar:/home/sujith/.m2/repository/org/aspectj/aspectjweaver/1.8.7/aspectjweaver-1.8.7.jar:/home/sujith/.m2/repository/org/springframework/spring-tx/4.2.2.RELEASE/spring-tx-4.2.2.RELEASE.jar:/home/sujith/.m2/repository/mysql/mysql-connector-java/5.1.6/mysql-connector-java-5.1.6.jar:/home/sujith/.m2/repository/javax/mail/mail/1.4.7/mail-1.4.7.jar:/home/sujith/.m2/repository/javax/activation/activation/1.1/activation-1.1.jar:/home/sujith/.m2/repository/org/apache/velocity/velocity/1.7/velocity-1.7.jar:/home/sujith/.m2/repository/commons-collections/commons-collections/3.2.1/commons-collections-3.2.1.jar:/home/sujith/.m2
Launcher Type: SUN_STANDARD

Environment Variables:
PATH=/usr/local/sbin:/usr/local/bin:/usr/sbin:/usr/bin:/sbin:/bin:/usr/games:/usr/local/games
SHELL=/bin/bash
DISPLAY=:0.0

Signal Handlers:
SIGSEGV: [libjvm.so+0xabca10], sa_mask[0]=11111111011111111101111111111110, sa_flags=SA_RESTART|SA_SIGINFO
SIGBUS: [libjvm.so+0xabca10], sa_mask[0]=11111111011111111101111111111110, sa_flags=SA_RESTART|SA_SIGINFO
SIGFPE: [libjvm.so+0x919a20], sa_mask[0]=11111111011111111101111111111110, sa_flags=SA_RESTART|SA_SIGINFO
SIGPIPE: [libjvm.so+0x919a20], sa_mask[0]=11111111011111111101111111111110, sa_flags=SA_RESTART|SA_SIGINFO
SIGXFSZ: [libjvm.so+0x919a20], sa_mask[0]=11111111011111111101111111111110, sa_flags=SA_RESTART|SA_SIGINFO
SIGILL: [libjvm.so+0x919a20], sa_mask[0]=11111111011111111101111111111110, sa_flags=SA_RESTART|SA_SIGINFO
SIGUSR1: SIG_DFL, sa_mask[0]=00000000000000000000000000000000, sa_flags=none
SIGUSR2: [libjvm.so+0x91b050], sa_mask[0]=00100000000000000000000000000000, sa_flags=SA_RESTART|SA_SIGINFO
SIGHUP: [libjvm.so+0x91c450], sa_mask[0]=11111111011111111101111111111110, sa_flags=SA_RESTART|SA_SIGINFO
SIGINT: [libjvm.so+0x91c450], sa_mask[0]=11111111011111111101111111111110, sa_flags=SA_RESTART|SA_SIGINFO
SIGTERM: [libjvm.so+0x91c450], sa_mask[0]=11111111011111111101111111111110, sa_flags=SA_RESTART|SA_SIGINFO
SIGQUIT: [libjvm.so+0x91c450], sa_mask[0]=11111111011111111101111111111110, sa_flags=SA_RESTART|SA_SIGINFO


---------------  S Y S T E M  ---------------

OS:DISTRIB_ID=Ubuntu
DISTRIB_RELEASE=14.04
DISTRIB_CODENAME=trusty
DISTRIB_DESCRIPTION="Ubuntu 14.04.4 LTS"

uname:Linux 3.16.0-71-generic #92~14.04.1-Ubuntu SMP Thu May 12 23:31:46 UTC 2016 x86_64
libc:glibc 2.19 NPTL 2.19 
rlimit: STACK 8192k, CORE 0k, NPROC 47585, NOFILE 4096, AS infinity
load average:3.23 3.13 3.15

/proc/meminfo:
MemTotal:       12203228 kB
MemFree:         3888420 kB
MemAvailable:    6087536 kB
Buffers:          352376 kB
Cached:          2375296 kB
SwapCached:          140 kB
Active:          5971080 kB
Inactive:        1906564 kB
Active(anon):    4304140 kB
Inactive(anon):  1329508 kB
Active(file):    1666940 kB
Inactive(file):   577056 kB
Unevictable:         240 kB
Mlocked:             240 kB
SwapTotal:       7811068 kB
SwapFree:        7773432 kB
Dirty:               256 kB
Writeback:             0 kB
AnonPages:       5150080 kB
Mapped:           715152 kB
Shmem:            483680 kB
Slab:             251156 kB
SReclaimable:     208524 kB
SUnreclaim:        42632 kB
KernelStack:       13344 kB
PageTables:        58660 kB
NFS_Unstable:          0 kB
Bounce:                0 kB
WritebackTmp:          0 kB
CommitLimit:    13912680 kB
Committed_AS:   12191052 kB
VmallocTotal:   34359738367 kB
VmallocUsed:      370360 kB
VmallocChunk:   34359299664 kB
HardwareCorrupted:     0 kB
AnonHugePages:   3037184 kB
HugePages_Total:       0
HugePages_Free:        0
HugePages_Rsvd:        0
HugePages_Surp:        0
Hugepagesize:       2048 kB
DirectMap4k:       65880 kB
DirectMap2M:     1929216 kB
DirectMap1G:    10485760 kB


CPU:total 4 (2 cores per cpu, 2 threads per core) family 6 model 60 stepping 3, cmov, cx8, fxsr, mmx, sse, sse2, sse3, ssse3, sse4.1, sse4.2, popcnt, avx, avx2, aes, clmul, erms, lzcnt, ht, tsc, tscinvbit, bmi1, bmi2

/proc/cpuinfo:
processor	: 0
vendor_id	: GenuineIntel
cpu family	: 6
model		: 60
model name	: Intel(R) Core(TM) i3-4150 CPU @ 3.50GHz
stepping	: 3
microcode	: 0x12
cpu MHz		: 3500.000
cache size	: 3072 KB
physical id	: 0
siblings	: 4
core id		: 0
cpu cores	: 2
apicid		: 0
initial apicid	: 0
fpu		: yes
fpu_exception	: yes
cpuid level	: 13
wp		: yes
flags		: fpu vme de pse tsc msr pae mce cx8 apic sep mtrr pge mca cmov pat pse36 clflush dts acpi mmx fxsr sse sse2 ss ht tm pbe syscall nx pdpe1gb rdtscp lm constant_tsc arch_perfmon pebs bts rep_good nopl xtopology nonstop_tsc aperfmperf eagerfpu pni pclmulqdq dtes64 monitor ds_cpl vmx est tm2 ssse3 fma cx16 xtpr pdcm pcid sse4_1 sse4_2 movbe popcnt tsc_deadline_timer aes xsave avx f16c rdrand lahf_lm abm arat xsaveopt pln pts dtherm tpr_shadow vnmi flexpriority ept vpid fsgsbase tsc_adjust bmi1 avx2 smep bmi2 erms invpcid
bogomips	: 6984.05
clflush size	: 64
cache_alignment	: 64
address sizes	: 39 bits physical, 48 bits virtual
power management:

processor	: 1
vendor_id	: GenuineIntel
cpu family	: 6
model		: 60
model name	: Intel(R) Core(TM) i3-4150 CPU @ 3.50GHz
stepping	: 3
microcode	: 0x12
cpu MHz		: 3500.000
cache size	: 3072 KB
physical id	: 0
siblings	: 4
core id		: 1
cpu cores	: 2
apicid		: 2
initial apicid	: 2
fpu		: yes
fpu_exception	: yes
cpuid level	: 13
wp		: yes
flags		: fpu vme de pse tsc msr pae mce cx8 apic sep mtrr pge mca cmov pat pse36 clflush dts acpi mmx fxsr sse sse2 ss ht tm pbe syscall nx pdpe1gb rdtscp lm constant_tsc arch_perfmon pebs bts rep_good nopl xtopology nonstop_tsc aperfmperf eagerfpu pni pclmulqdq dtes64 monitor ds_cpl vmx est tm2 ssse3 fma cx16 xtpr pdcm pcid sse4_1 sse4_2 movbe popcnt tsc_deadline_timer aes xsave avx f16c rdrand lahf_lm abm arat xsaveopt pln pts dtherm tpr_shadow vnmi flexpriority ept vpid fsgsbase tsc_adjust bmi1 avx2 smep bmi2 erms invpcid
bogomips	: 6984.05
clflush size	: 64
cache_alignment	: 64
address sizes	: 39 bits physical, 48 bits virtual
power management:

processor	: 2
vendor_id	: GenuineIntel
cpu family	: 6
model		: 60
model name	: Intel(R) Core(TM) i3-4150 CPU @ 3.50GHz
stepping	: 3
microcode	: 0x12
cpu MHz		: 3500.000
cache size	: 3072 KB
physical id	: 0
siblings	: 4
core id		: 0
cpu cores	: 2
apicid		: 1
initial apicid	: 1
fpu		: yes
fpu_exception	: yes
cpuid level	: 13
wp		: yes
flags		: fpu vme de pse tsc msr pae mce cx8 apic sep mtrr pge mca cmov pat pse36 clflush dts acpi mmx fxsr sse sse2 ss ht tm pbe syscall nx pdpe1gb rdtscp lm constant_tsc arch_perfmon pebs bts rep_good nopl xtopology nonstop_tsc aperfmperf eagerfpu pni pclmulqdq dtes64 monitor ds_cpl vmx est tm2 ssse3 fma cx16 xtpr pdcm pcid sse4_1 sse4_2 movbe popcnt tsc_deadline_timer aes xsave avx f16c rdrand lahf_lm abm arat xsaveopt pln pts dtherm tpr_shadow vnmi flexpriority ept vpid fsgsbase tsc_adjust bmi1 avx2 smep bmi2 erms invpcid
bogomips	: 6984.05
clflush size	: 64
cache_alignment	: 64
address sizes	: 39 bits physical, 48 bits virtual
power management:

processor	: 3
vendor_id	: GenuineIntel
cpu family	: 6
model		: 60
model name	: Intel(R) Core(TM) i3-4150 CPU @ 3.50GHz
stepping	: 3
microcode	: 0x12
cpu MHz		: 3500.000
cache size	: 3072 KB
physical id	: 0
siblings	: 4
core id		: 1
cpu cores	: 2
apicid		: 3
initial apicid	: 3
fpu		: yes
fpu_exception	: yes
cpuid level	: 13
wp		: yes
flags		: fpu vme de pse tsc msr pae mce cx8 apic sep mtrr pge mca cmov pat pse36 clflush dts acpi mmx fxsr sse sse2 ss ht tm pbe syscall nx pdpe1gb rdtscp lm constant_tsc arch_perfmon pebs bts rep_good nopl xtopology nonstop_tsc aperfmperf eagerfpu pni pclmulqdq dtes64 monitor ds_cpl vmx est tm2 ssse3 fma cx16 xtpr pdcm pcid sse4_1 sse4_2 movbe popcnt tsc_deadline_timer aes xsave avx f16c rdrand lahf_lm abm arat xsaveopt pln pts dtherm tpr_shadow vnmi flexpriority ept vpid fsgsbase tsc_adjust bmi1 avx2 smep bmi2 erms invpcid
bogomips	: 6984.05
clflush size	: 64
cache_alignment	: 64
address sizes	: 39 bits physical, 48 bits virtual
power management:



Memory: 4k page, physical 12203228k(3888420k free), swap 7811068k(7773432k free)

vm_info: Java HotSpot(TM) 64-Bit Server VM (25.91-b14) for linux-amd64 JRE (1.8.0_91-b14), built on Apr  1 2016 00:57:21 by "java_re" with gcc 4.3.0 20080428 (Red Hat 4.3.0-8)

time: Mon Oct 10 13:12:11 2016
elapsed time: 9263 seconds (0d 2h 34m 23s)

