#
# A fatal error has been detected by the Java Runtime Environment:
#
#  SIGSEGV (0xb) at pc=0x00007fa0f5341123, pid=2083, tid=140328770471680
#
# JRE version: Java(TM) SE Runtime Environment (8.0_91-b14) (build 1.8.0_91-b14)
# Java VM: Java HotSpot(TM) 64-Bit Server VM (25.91-b14 mixed mode linux-amd64 compressed oops)
# Problematic frame:
# V  [libjvm.so+0x78a123]  JvmtiEnv::GetClassMethods(oopDesc*, int*, _jmethodID***)+0x2f3
#
# Failed to write core dump. Core dumps have been disabled. To enable core dumping, try "ulimit -c unlimited" before starting Java again
#
# If you would like to submit a bug report, please visit:
#   http://bugreport.java.com/bugreport/crash.jsp
#

---------------  T H R E A D  ---------------

Current thread (0x00007fa0f00cf000):  JavaThread "JDWP Transport Listener: dt_socket" daemon [_thread_in_vm, id=2102, stack(0x00007fa0d6740000,0x00007fa0d6841000)]

siginfo: si_signo: 11 (SIGSEGV), si_code: 1 (SEGV_MAPERR), si_addr: 0x00007fa3d723f780

Registers:
RAX=0x0000000064646400, RBX=0x00007fa0f00d0140, RCX=0x00007fa0f000ed40, RDX=0x00007fa0b400d780
RSP=0x00007fa0d683f7e0, RBP=0x00007fa0d683f8d0, RSI=0x0000000000000001, RDI=0x0000000000000001
R8 =0x00007fa0f00d0140, R9 =0x0000000000000000, R10=0x0000000000000001, R11=0x00007fa0f04d8740
R12=0x00007fa0f000a660, R13=0x00007fa0d86ddaa8, R14=0x00000007c0060028, R15=0x00007fa0d683f9a0
RIP=0x00007fa0f5341123, EFLAGS=0x0000000000010246, CSGSFS=0x0000000000000033, ERR=0x0000000000000006
  TRAPNO=0x000000000000000e

Top of Stack: (sp=0x00007fa0d683f7e0)
0x00007fa0d683f7e0:   00007fa0f00c03a0 00007fa0d683f890
0x00007fa0d683f7f0:   00007fa0f06315c8 00007fa0d683f840
0x00007fa0d683f800:   00007fa0d683f990 00000008f529c64a
0x00007fa0d683f810:   00007fa0b400d780 6464640000000006
0x00007fa0d683f820:   00007fa0f00cf000 00007fa0f00c03a0
0x00007fa0d683f830:   00007fa0f00cf1f8 00007fa0f426de40
0x00007fa0d683f840:   00007fa0f00cf000 00007fa0f00d0010
0x00007fa0d683f850:   00007fa0f00d0050 00007fa0f00d0060
0x00007fa0d683f860:   00007fa0f00d0138 00000000000000d8
0x00007fa0d683f870:   00007fa0d683fc90 00007fa0f52827bc
0x00007fa0d683f880:   00007fa0f06315c8 00007fa0f426de40
0x00007fa0d683f890:   00007fa0d86ddaa8 00007fa0f00cf000
0x00007fa0d683f8a0:   00007fa0d683f8f0 0000000781fd4ec8
0x00007fa0d683f8b0:   00007fa0f000a660 0000000000000074
0x00007fa0d683f8c0:   00007fa0f00cf000 00007fa0d683f990
0x00007fa0d683f8d0:   00007fa0d683f940 00007fa0f52f3380
0x00007fa0d683f8e0:   00007fa0d683f8f0 00007fa0d683f9a0
0x00007fa0d683f8f0:   00007fa0f00cf000 0000000000000000
0x00007fa0d683f900:   00007fa000000000 0000000000000000
0x00007fa0d683f910:   00000000000f0200 00007fa0f426de40
0x00007fa0d683f920:   00007fa0d683fa10 00007fa0f06315c8
0x00007fa0d683f930:   00000000000f0200 000000000000000f
0x00007fa0d683f940:   00007fa0d683f9d0 00007fa0f403a96e
0x00007fa0d683f950:   00007fa0f5b6e2a0 00007fa0f5336de9
0x00007fa0d683f960:   00007fa0d683f9a0 00007fa0f52f50f3
0x00007fa0d683f970:   00000001b4002fc0 00007fa0b4007090
0x00007fa0d683f980:   00007fa0d683f9b0 00007fa0f4040ba0
0x00007fa0d683f990:   0000000000000000 00007fa0d683fa10
0x00007fa0d683f9a0:   0000000000000000 0000000000000002
0x00007fa0d683f9b0:   000000000000000f 0000000000000002
0x00007fa0d683f9c0:   00000000000f0200 000000000000000f
0x00007fa0d683f9d0:   00007fa0d683fc20 00007fa0f40459c6 

Instructions: (pc=0x00007fa0f5341123)
0x00007fa0f5341103:   41 8b 00 48 83 c6 08 39 c7 7c e2 44 8d 48 ff 45
0x00007fa0f5341113:   89 08 48 63 85 4c ff ff ff 48 8b 95 40 ff ff ff
0x00007fa0f5341123:   4c 89 1c c2 83 85 48 ff ff ff 01 8b 85 3c ff ff
0x00007fa0f5341133:   ff 39 85 48 ff ff ff 0f 8c e1 fd ff ff 8b 85 3c 

Register to memory mapping:

RAX=0x0000000064646400 is an unknown value
RBX=0x00007fa0f00d0140 is an unknown value
RCX=0x00007fa0f000ed40 is an unknown value
RDX=0x00007fa0b400d780 is an unknown value
RSP=0x00007fa0d683f7e0 is pointing into the stack for thread: 0x00007fa0f00cf000
RBP=0x00007fa0d683f8d0 is pointing into the stack for thread: 0x00007fa0f00cf000
RSI=0x0000000000000001 is an unknown value
RDI=0x0000000000000001 is an unknown value
R8 =0x00007fa0f00d0140 is an unknown value
R9 =0x0000000000000000 is an unknown value
R10=0x0000000000000001 is an unknown value
R11=0x00007fa0f04d8740 is an unknown value
R12=0x00007fa0f000a660 is an unknown value
R13={method} {0x00007fa0d86ddaa8} 'main' '([Ljava/lang/String;)V' in 'com/belhopat/backoffice/excel/PoiReadExcelFile'
R14=0x00000007c0060028 is pointing into metadata
R15=0x00007fa0d683f9a0 is pointing into the stack for thread: 0x00007fa0f00cf000


Stack: [0x00007fa0d6740000,0x00007fa0d6841000],  sp=0x00007fa0d683f7e0,  free space=1021k
Native frames: (J=compiled Java code, j=interpreted, Vv=VM code, C=native code)
V  [libjvm.so+0x78a123]  JvmtiEnv::GetClassMethods(oopDesc*, int*, _jmethodID***)+0x2f3
V  [libjvm.so+0x73c380]  jvmti_GetClassMethods+0x290
C  [libjdwp.so+0x696e]  methods1+0x7e
C  [libjdwp.so+0x119c6]  debugLoop_run+0x2b6
C  [libjdwp.so+0x247ff]  attachThread+0x2f
V  [libjvm.so+0x7a48c2]  JvmtiAgentThread::call_start_function()+0xc2
V  [libjvm.so+0xa6b77f]  JavaThread::thread_main_inner()+0xdf
V  [libjvm.so+0xa6b8ac]  JavaThread::run()+0x11c
V  [libjvm.so+0x91ef78]  java_start(Thread*)+0x108
C  [libpthread.so.0+0x8182]  start_thread+0xc2


---------------  P R O C E S S  ---------------

Java Threads: ( => current thread )
  0x00007fa0f00e7000 JavaThread "Service Thread" daemon [_thread_blocked, id=2117, stack(0x00007fa0d613a000,0x00007fa0d623b000)]
  0x00007fa0f00d9800 JavaThread "C1 CompilerThread2" daemon [_thread_blocked, id=2116, stack(0x00007fa0d623b000,0x00007fa0d633c000)]
  0x00007fa0f00d8000 JavaThread "C2 CompilerThread1" daemon [_thread_blocked, id=2115, stack(0x00007fa0d633c000,0x00007fa0d643d000)]
  0x00007fa0f00d5000 JavaThread "C2 CompilerThread0" daemon [_thread_blocked, id=2114, stack(0x00007fa0d643d000,0x00007fa0d653e000)]
  0x00007fa0b4001000 JavaThread "JDWP Command Reader" daemon [_thread_in_native, id=2111, stack(0x00007fa0d653e000,0x00007fa0d663f000)]
  0x00007fa0f00d3000 JavaThread "JDWP Event Helper Thread" daemon [_thread_blocked, id=2110, stack(0x00007fa0d663f000,0x00007fa0d6740000)]
=>0x00007fa0f00cf000 JavaThread "JDWP Transport Listener: dt_socket" daemon [_thread_in_vm, id=2102, stack(0x00007fa0d6740000,0x00007fa0d6841000)]
  0x00007fa0f00bf000 JavaThread "Signal Dispatcher" daemon [_thread_blocked, id=2100, stack(0x00007fa0d6a45000,0x00007fa0d6b46000)]
  0x00007fa0f008d000 JavaThread "Finalizer" daemon [_thread_blocked, id=2097, stack(0x00007fa0d6b46000,0x00007fa0d6c47000)]
  0x00007fa0f0088800 JavaThread "Reference Handler" daemon [_thread_blocked, id=2096, stack(0x00007fa0d6c47000,0x00007fa0d6d48000)]
  0x00007fa0f0013000 JavaThread "main" [_thread_in_Java, id=2087, stack(0x00007fa0f6699000,0x00007fa0f679a000)]

Other Threads:
  0x00007fa0f0081000 VMThread [stack: 0x00007fa0d6d48000,0x00007fa0d6e49000] [id=2095]
  0x00007fa0f00ea800 WatcherThread [stack: 0x00007fa0d6039000,0x00007fa0d613a000] [id=2118]

VM state:not at safepoint (normal execution)

VM Mutex/Monitor currently owned by a thread: None

Heap:
 PSYoungGen      total 56320K, used 25341K [0x0000000781f00000, 0x0000000785d80000, 0x00000007c0000000)
  eden space 48640K, 52% used [0x0000000781f00000,0x00000007837bf460,0x0000000784e80000)
  from space 7680K, 0% used [0x0000000785600000,0x0000000785600000,0x0000000785d80000)
  to   space 7680K, 0% used [0x0000000784e80000,0x0000000784e80000,0x0000000785600000)
 ParOldGen       total 128512K, used 0K [0x0000000705c00000, 0x000000070d980000, 0x0000000781f00000)
  object space 128512K, 0% used [0x0000000705c00000,0x0000000705c00000,0x000000070d980000)
 Metaspace       used 6277K, capacity 7362K, committed 7680K, reserved 1056768K
  class space    used 622K, capacity 655K, committed 768K, reserved 1048576K

Card table byte_map: [0x00007fa0df331000,0x00007fa0df904000] byte_map_base: 0x00007fa0dbb03000

Marking Bits: (ParMarkBitMap*) 0x00007fa0f5b6dd60
 Begin Bits: [0x00007fa0d8e2b000, 0x00007fa0dbcbb000)
 End Bits:   [0x00007fa0dbcbb000, 0x00007fa0deb4b000)

Polling page: 0x00007fa0f67b6000

CodeCache: size=245760Kb used=2295Kb max_used=2308Kb free=243464Kb
 bounds [0x00007fa0dfcc4000, 0x00007fa0dff34000, 0x00007fa0eecc4000]
 total_blobs=756 nmethods=501 adapters=177
 compilation: enabled

Compilation events (10 events):
Event: 0.557 Thread 0x00007fa0f00d9800  499 %     3       com.belhopat.backoffice.excel.PoiReadExcelFile::getEmployeeCodes @ 11 (40 bytes)
Event: 0.558 Thread 0x00007fa0f00d9800 nmethod 499% 0x00007fa0dff00590 code [0x00007fa0dff00760, 0x00007fa0dff00f08]
Event: 0.558 Thread 0x00007fa0f00d9800  479       3       org.apache.poi.hssf.record.RowRecord::setLastCol (6 bytes)
Event: 0.558 Thread 0x00007fa0f00d9800 nmethod 479 0x00007fa0dfef6710 code [0x00007fa0dfef6860, 0x00007fa0dfef69b0]
Event: 0.558 Thread 0x00007fa0f00d9800  500       3       com.belhopat.backoffice.excel.PoiReadExcelFile::getEmployeeCodes (40 bytes)
Event: 0.559 Thread 0x00007fa0f00d9800 nmethod 500 0x00007fa0dff01210 code [0x00007fa0dff01420, 0x00007fa0dff01fa8]
Event: 0.559 Thread 0x00007fa0f00d9800  480       3       org.apache.poi.hssf.model.InternalWorkbook::getSSTString (64 bytes)
Event: 0.559 Thread 0x00007fa0f00d8000  501 %     4       com.belhopat.backoffice.excel.PoiReadExcelFile::getEmployeeCodes @ 11 (40 bytes)
Event: 0.562 Thread 0x00007fa0f00d9800 nmethod 480 0x00007fa0dfefbe90 code [0x00007fa0dfefc040, 0x00007fa0dfefc638]
Event: 0.567 Thread 0x00007fa0f00d8000 nmethod 501% 0x00007fa0dff058d0 code [0x00007fa0dff05aa0, 0x00007fa0dff061b8]

GC Heap History (0 events):
No events

Deoptimization events (2 events):
Event: 0.132 Thread 0x00007fa0f0013000 Uncommon trap: reason=unstable_if action=reinterpret pc=0x00007fa0dfdce1a8 method=java.lang.String.hashCode()I @ 14
Event: 0.436 Thread 0x00007fa0f0013000 Uncommon trap: reason=unstable_if action=reinterpret pc=0x00007fa0dfea0d48 method=java.util.HashMap.getNode(ILjava/lang/Object;)Ljava/util/HashMap$Node; @ 84

Internal exceptions (2 events):
Event: 0.036 Thread 0x00007fa0f0013000 Exception <a 'java/lang/NoSuchMethodError': Method sun.misc.Unsafe.defineClass(Ljava/lang/String;[BII)Ljava/lang/Class; name or signature does not match> (0x0000000781f07cc0) thrown at [/HUDSON/workspace/8-2-build-linux-amd64/jdk8u91/6644/hotspot/src/shar
Event: 0.036 Thread 0x00007fa0f0013000 Exception <a 'java/lang/NoSuchMethodError': Method sun.misc.Unsafe.prefetchRead(Ljava/lang/Object;J)V name or signature does not match> (0x0000000781f07fa8) thrown at [/HUDSON/workspace/8-2-build-linux-amd64/jdk8u91/6644/hotspot/src/share/vm/prims/jni.cpp

Events (10 events):
Event: 8016.903 Executing VM operation: RedefineClasses
Event: 8016.905 Executing VM operation: RedefineClasses done
Event: 8059.377 Executing VM operation: RedefineClasses
Event: 8059.402 Executing VM operation: RedefineClasses done
Event: 8082.969 Executing VM operation: RedefineClasses
Event: 8082.978 Executing VM operation: RedefineClasses done
Event: 8113.552 Executing VM operation: RedefineClasses
Event: 8113.561 Executing VM operation: RedefineClasses done
Event: 9237.397 Executing VM operation: RedefineClasses
Event: 9237.404 Executing VM operation: RedefineClasses done


Dynamic libraries:
00400000-00401000 r-xp 00000000 08:06 7078742                            /usr/lib/jvm/java-8-oracle/bin/java
00600000-00601000 rw-p 00000000 08:06 7078742                            /usr/lib/jvm/java-8-oracle/bin/java
02190000-021b1000 rw-p 00000000 00:00 0                                  [heap]
705c00000-70d980000 rw-p 00000000 00:00 0 
70d980000-781f00000 ---p 00000000 00:00 0 
781f00000-785d80000 rw-p 00000000 00:00 0 
785d80000-7c0000000 ---p 00000000 00:00 0 
7c0000000-7c00c0000 rw-p 00000000 00:00 0 
7c00c0000-800000000 ---p 00000000 00:00 0 
7fa090000000-7fa090021000 rw-p 00000000 00:00 0 
7fa090021000-7fa094000000 ---p 00000000 00:00 0 
7fa098000000-7fa098112000 rw-p 00000000 00:00 0 
7fa098112000-7fa09c000000 ---p 00000000 00:00 0 
7fa09c000000-7fa09c021000 rw-p 00000000 00:00 0 
7fa09c021000-7fa0a0000000 ---p 00000000 00:00 0 
7fa0a0000000-7fa0a01cf000 rw-p 00000000 00:00 0 
7fa0a01cf000-7fa0a4000000 ---p 00000000 00:00 0 
7fa0a4000000-7fa0a41d5000 rw-p 00000000 00:00 0 
7fa0a41d5000-7fa0a8000000 ---p 00000000 00:00 0 
7fa0a8000000-7fa0a8021000 rw-p 00000000 00:00 0 
7fa0a8021000-7fa0ac000000 ---p 00000000 00:00 0 
7fa0ac000000-7fa0ac021000 rw-p 00000000 00:00 0 
7fa0ac021000-7fa0b0000000 ---p 00000000 00:00 0 
7fa0b0000000-7fa0b0021000 rw-p 00000000 00:00 0 
7fa0b0021000-7fa0b4000000 ---p 00000000 00:00 0 
7fa0b4000000-7fa0b42ac000 rw-p 00000000 00:00 0 
7fa0b42ac000-7fa0b8000000 ---p 00000000 00:00 0 
7fa0b8000000-7fa0b8021000 rw-p 00000000 00:00 0 
7fa0b8021000-7fa0bc000000 ---p 00000000 00:00 0 
7fa0bc000000-7fa0bc021000 rw-p 00000000 00:00 0 
7fa0bc021000-7fa0c0000000 ---p 00000000 00:00 0 
7fa0c0000000-7fa0c0021000 rw-p 00000000 00:00 0 
7fa0c0021000-7fa0c4000000 ---p 00000000 00:00 0 
7fa0c4000000-7fa0c4021000 rw-p 00000000 00:00 0 
7fa0c4021000-7fa0c8000000 ---p 00000000 00:00 0 
7fa0c8000000-7fa0c8021000 rw-p 00000000 00:00 0 
7fa0c8021000-7fa0cc000000 ---p 00000000 00:00 0 
7fa0cc000000-7fa0cc021000 rw-p 00000000 00:00 0 
7fa0cc021000-7fa0d0000000 ---p 00000000 00:00 0 
7fa0d0000000-7fa0d0021000 rw-p 00000000 00:00 0 
7fa0d0021000-7fa0d4000000 ---p 00000000 00:00 0 
7fa0d5904000-7fa0d5907000 rw-p 00000000 00:00 0 
7fa0d5907000-7fa0d5918000 r-xp 00000000 08:06 6827731                    /usr/lib/jvm/java-8-oracle/jre/lib/amd64/libnio.so
7fa0d5918000-7fa0d5b17000 ---p 00011000 08:06 6827731                    /usr/lib/jvm/java-8-oracle/jre/lib/amd64/libnio.so
7fa0d5b17000-7fa0d5b18000 rw-p 00010000 08:06 6827731                    /usr/lib/jvm/java-8-oracle/jre/lib/amd64/libnio.so
7fa0d5b18000-7fa0d5b2e000 r-xp 00000000 08:06 6827729                    /usr/lib/jvm/java-8-oracle/jre/lib/amd64/libnet.so
7fa0d5b2e000-7fa0d5d2e000 ---p 00016000 08:06 6827729                    /usr/lib/jvm/java-8-oracle/jre/lib/amd64/libnet.so
7fa0d5d2e000-7fa0d5d2f000 rw-p 00016000 08:06 6827729                    /usr/lib/jvm/java-8-oracle/jre/lib/amd64/libnet.so
7fa0d5d2f000-7fa0d5d59000 r--s 00240000 08:06 6038450                    /home/sujith/.m2/repository/org/apache/poi/poi/3.14/poi-3.14.jar
7fa0d5d59000-7fa0d5d5b000 r--s 0000d000 08:06 4983536                    /home/sujith/.m2/repository/commons-fileupload/commons-fileupload/1.2.2/commons-fileupload-1.2.2.jar
7fa0d5d5b000-7fa0d5d65000 r--s 0005c000 08:06 5772965                    /home/sujith/.m2/repository/jstl/jstl/1.2/jstl-1.2.jar
7fa0d5d65000-7fa0d5d6e000 r--s 00058000 08:06 4853171                    /home/sujith/.m2/repository/taglibs/standard/1.1.2/standard-1.1.2.jar
7fa0d5d6e000-7fa0d5ddc000 r--s 00920000 08:06 5510494                    /home/sujith/.m2/repository/org/aspectj/aspectjtools/1.7.4/aspectjtools-1.7.4.jar
7fa0d5ddc000-7fa0d5de1000 r--s 00019000 08:06 6423826                    /home/sujith/.m2/repository/org/aspectj/aspectjrt/1.7.4/aspectjrt-1.7.4.jar
7fa0d5de1000-7fa0d5dea000 r--s 00051000 08:06 5250124                    /home/sujith/.m2/repository/org/springframework/spring-aop/4.2.2.RELEASE/spring-aop-4.2.2.RELEASE.jar
7fa0d5dea000-7fa0d5ded000 r--s 00013000 08:06 4983534                    /home/sujith/.m2/repository/commons-io/commons-io/1.3.2/commons-io-1.3.2.jar
7fa0d5ded000-7fa0d5df1000 r--s 0002e000 08:06 6039123                    /home/sujith/.m2/repository/org/codehaus/jackson/jackson-core-asl/1.6.4/jackson-core-asl-1.6.4.jar
7fa0d5df1000-7fa0d5dfb000 r--s 0007b000 08:06 6038579                    /home/sujith/.m2/repository/org/codehaus/jackson/jackson-mapper-asl/1.6.4/jackson-mapper-asl-1.6.4.jar
7fa0d5dfb000-7fa0d5e04000 r--s 0006d000 08:06 4983526                    /home/sujith/.m2/repository/log4j/log4j/1.2.16/log4j-1.2.16.jar
7fa0d5e04000-7fa0d5e05000 r--s 00002000 08:06 5123146                    /home/sujith/.m2/repository/org/slf4j/slf4j-log4j12/1.6.1/slf4j-log4j12-1.6.1.jar
7fa0d5e05000-7fa0d5e09000 r--s 0000c000 08:06 4853169                    /home/sujith/.m2/repository/javax/validation/validation-api/1.1.0.Final/validation-api-1.1.0.Final.jar
7fa0d5e09000-7fa0d5e10000 r--s 0005e000 08:06 5122815                    /home/sujith/.m2/repository/org/apache/commons/commons-lang3/3.3.2/commons-lang3-3.3.2.jar
7fa0d5e10000-7fa0d5e3b000 r--s 001f9000 08:06 5121424                    /home/sujith/.m2/repository/com/google/guava/guava/17.0/guava-17.0.jar
7fa0d5e3b000-7fa0d5e3d000 r--s 00007000 08:06 6423824                    /home/sujith/.m2/repository/com/fasterxml/jackson/core/jackson-annotations/2.3.0/jackson-annotations-2.3.0.jar
7fa0d5e3d000-7fa0d5e4f000 r--s 000ce000 08:06 6423822                    /home/sujith/.m2/repository/com/fasterxml/jackson/core/jackson-databind/2.3.0/jackson-databind-2.3.0.jar
7fa0d5e4f000-7fa0d5e53000 r--s 0002d000 08:06 6163862                    /home/sujith/.m2/repository/com/fasterxml/jackson/core/jackson-core/2.3.0/jackson-core-2.3.0.jar
7fa0d5e53000-7fa0d5e57000 r--s 0001b000 08:06 4986779                    /home/sujith/.m2/repository/org/perf4j/perf4j/0.9.16/perf4j-0.9.16.jar
7fa0d5e57000-7fa0d5e59000 r--s 00006000 08:06 4988011                    /home/sujith/.m2/repository/org/slf4j/slf4j-api/1.7.6/slf4j-api-1.7.6.jar
7fa0d5e59000-7fa0d5e5d000 r--s 00036000 08:06 6037346                    /home/sujith/.m2/repository/org/apache/tomcat/tomcat-dbcp/7.0.42/tomcat-dbcp-7.0.42.jar
7fa0d5e5d000-7fa0d5e5e000 r--s 00000000 08:06 6423820                    /home/sujith/.m2/repository/com/infradna/tool/bridge-method-annotation/1.13/bridge-method-annotation-1.13.jar
7fa0d5e5e000-7fa0d5e5f000 r--s 00002000 08:06 6423818                    /home/sujith/.m2/repository/com/mysema/commons/mysema-commons-lang/0.2.4/mysema-commons-lang-0.2.4.jar
7fa0d5e5f000-7fa0d5e68000 r--s 0006a000 08:06 6423816                    /home/sujith/.m2/repository/com/mysema/querydsl/querydsl-core/3.6.3/querydsl-core-3.6.3.jar
7fa0d5e68000-7fa0d5e6b000 r--s 0001a000 08:06 6423814                    /home/sujith/.m2/repository/com/mysema/querydsl/querydsl-jpa/3.6.3/querydsl-jpa-3.6.3.jar
7fa0d5e6b000-7fa0d5e6c000 r--s 00000000 08:06 5250120                    /home/sujith/.m2/repository/javax/inject/javax.inject/1/javax.inject-1.jar
7fa0d5e6c000-7fa0d5e7b000 r--s 001b0000 08:06 4985155                    /home/sujith/.m2/repository/org/eclipse/jdt/core/compiler/ecj/4.3.1/ecj-4.3.1.jar
7fa0d5e7b000-7fa0d5e7d000 r--s 00010000 08:06 6423812                    /home/sujith/.m2/repository/com/mysema/codegen/codegen/0.6.6/codegen-0.6.6.jar
7fa0d5e7d000-7fa0d5e7f000 r--s 00010000 08:06 6423810                    /home/sujith/.m2/repository/com/mysema/querydsl/querydsl-codegen/3.6.3/querydsl-codegen-3.6.3.jar
7fa0d5e7f000-7fa0d5e81000 r--s 0000f000 08:06 6294719                    /home/sujith/.m2/repository/com/mysema/querydsl/querydsl-apt/3.6.3/querydsl-apt-3.6.3.jar
7fa0d5e81000-7fa0d5e8b000 r--s 0005f000 08:06 6295179                    /home/sujith/.m2/repository/org/hibernate/hibernate-envers/4.3.5.Final/hibernate-envers-4.3.5.Final.jar
7fa0d5e8b000-7fa0d5e99000 r--s 00090000 08:06 6294717                    /home/sujith/.m2/repository/org/hibernate/hibernate-entitymanager/4.3.5.Final/hibernate-entitymanager-4.3.5.Final.jar
7fa0d5e99000-7fa0d5e9b000 r--s 00011000 08:06 4984072                    /home/sujith/.m2/repository/org/jboss/jandex/1.1.0.Final/jandex-1.1.0.Final.jar
7fa0d5e9b000-7fa0d5ea0000 r--s 00068000 08:06 4853147                    /home/sujith/.m2/repository/antlr/antlr/2.7.7/antlr-2.7.7.jar
7fa0d5ea0000-7fa0d5eaa000 r--s 000a5000 08:06 4984070                    /home/sujith/.m2/repository/org/javassist/javassist/3.18.1-GA/javassist-3.18.1-GA.jar
7fa0d5eaa000-7fa0d5eaf000 r--s 00017000 08:06 4984068                    /home/sujith/.m2/repository/org/hibernate/javax/persistence/hibernate-jpa-2.1-api/1.0.0.Final/hibernate-jpa-2.1-api-1.0.0.Final.jar
7fa0d5eaf000-7fa0d5eb2000 r--s 00010000 08:06 6294715                    /home/sujith/.m2/repository/org/hibernate/common/hibernate-commons-annotations/4.0.4.Final/hibernate-commons-annotations-4.0.4.Final.jar
7fa0d5eb2000-7fa0d5eb3000 r--s 00006000 08:06 4984041                    /home/sujith/.m2/repository/org/jboss/spec/javax/transaction/jboss-transaction-api_1.2_spec/1.0.0.Final/jboss-transaction-api_1.2_spec-1.0.0.Final.jar
7fa0d5eb3000-7fa0d5eb4000 r--s 00002000 08:06 4984039                    /home/sujith/.m2/repository/org/jboss/logging/jboss-logging-annotations/1.2.0.Beta1/jboss-logging-annotations-1.2.0.Beta1.jar
7fa0d5eb4000-7fa0d5eb6000 r--s 0000c000 08:06 4984037                    /home/sujith/.m2/repository/org/jboss/logging/jboss-logging/3.1.3.GA/jboss-logging-3.1.3.GA.jar
7fa0d5eb6000-7fa0d5f13000 r--s 004a0000 08:06 6294713                    /home/sujith/.m2/repository/org/hibernate/hibernate-core/4.3.5.Final/hibernate-core-4.3.5.Final.jar
7fa0d5f13000-7fa0d5f15000 r--s 00003000 08:06 6294711                    /home/sujith/.m2/repository/org/slf4j/jcl-over-slf4j/1.7.12/jcl-over-slf4j-1.7.12.jar
7fa0d5f15000-7fa0d5f1d000 r--s 00054000 08:06 4852459                    /home/sujith/.m2/repository/org/springframework/spring-orm/4.1.7.RELEASE/spring-orm-4.1.7.RELEASE.jar
7fa0d5f1d000-7fa0d5f2d000 r--s 0008c000 08:06 6294709                    /home/sujith/.m2/repository/org/springframework/data/spring-data-commons/1.11.0.RELEASE/spring-data-commons-1.11.0.RELEASE.jar
7fa0d5f2d000-7fa0d5f34000 r--s 00038000 08:06 6294707                    /home/sujith/.m2/repository/org/springframework/data/spring-data-jpa/1.9.0.RELEASE/spring-data-jpa-1.9.0.RELEASE.jar
7fa0d5f34000-7fa0d5f3a000 r--s 00033000 08:06 5121443                    /home/sujith/.m2/repository/commons-codec/commons-codec/1.6/commons-codec-1.6.jar
7fa0d5f3a000-7fa0d5f45000 r--s 0005a000 08:06 6294705                    /home/sujith/.m2/repository/org/springframework/security/oauth/spring-security-oauth2/2.0.2.RELEASE/spring-security-oauth2-2.0.2.RELEASE.jar
7fa0d5f45000-7fa0d5f48000 r--s 00012000 08:06 6294701                    /home/sujith/.m2/repository/org/springframework/security/spring-security-acl/4.0.2.RELEASE/spring-security-acl-4.0.2.RELEASE.jar
7fa0d5f48000-7fa0d5f49000 r--s 00004000 08:06 5902987                    /home/sujith/.m2/repository/org/springframework/security/spring-security-taglibs/4.0.2.RELEASE/spring-security-taglibs-4.0.2.RELEASE.jar
7fa0d5f49000-7fa0d5f51000 r--s 0006c000 08:06 5902985                    /home/sujith/.m2/repository/org/springframework/security/spring-security-config/4.0.2.RELEASE/spring-security-config-4.0.2.RELEASE.jar
7fa0d5f51000-7fa0d5f5a000 r--s 00047000 08:06 5772961                    /home/sujith/.m2/repository/org/springframework/security/spring-security-web/4.0.2.RELEASE/spring-security-web-4.0.2.RELEASE.jar
7fa0d5f5a000-7fa0d5f5c000 r--s 00000000 08:06 4851594                    /home/sujith/.m2/repository/aopalliance/aopalliance/1.0/aopalliance-1.0.jar
7fa0d5f5c000-7fa0d5f67000 r--s 0004d000 08:06 5641862                    /home/sujith/.m2/repository/org/springframework/security/spring-security-core/4.0.2.RELEASE/spring-security-core-4.0.2.RELEASE.jar
7fa0d5f67000-7fa0d5f6a000 r--s 0001b000 08:06 4986753                    /home/sujith/.m2/repository/org/apache/struts/struts-tiles/1.3.8/struts-tiles-1.3.8.jar
7fa0d5f6a000-7fa0d5f6f000 r--s 00039000 08:06 4986751                    /home/sujith/.m2/repository/org/apache/struts/struts-taglib/1.3.8/struts-taglib-1.3.8.jar
7fa0d5f6f000-7fa0d5f75000 r--s 0004b000 08:06 4986749                    /home/sujith/.m2/repository/org/apache/struts/struts-core/1.3.8/struts-core-1.3.8.jar
7fa0d5f75000-7fa0d5f77000 r--s 00005000 08:06 4986747                    /home/sujith/.m2/repository/sslext/sslext/1.2-0/sslext-1.2-0.jar
7fa0d5f77000-7fa0d5f79000 r--s 0000e000 08:06 4986731                    /home/sujith/.m2/repository/oro/oro/2.0.8/oro-2.0.8.jar
7fa0d5f79000-7fa0d5f81000 r--s 00068000 08:06 4986745                    /home/sujith/.m2/repository/dom4j/dom4j/1.1/dom4j-1.1.jar
7fa0d5f81000-7fa0d5f84000 r--s 0001f000 08:06 4986743                    /home/sujith/.m2/repository/commons-validator/commons-validator/1.3.1/commons-validator-1.3.1.jar
7fa0d5f84000-7fa0d5f88000 r--s 00020000 08:06 4986737                    /home/sujith/.m2/repository/commons-digester/commons-digester/1.8/commons-digester-1.8.jar
7fa0d5f88000-7fa0d5f8d000 r--s 0002a000 08:06 4986735                    /home/sujith/.m2/repository/commons-beanutils/commons-beanutils/1.7.0/commons-beanutils-1.7.0.jar
7fa0d5f8d000-7fa0d5f93000 r--s 0004f000 08:06 5510439                    /home/sujith/.m2/repository/org/apache/velocity/velocity-tools/2.0/velocity-tools-2.0.jar
7fa0d5f93000-7fa0d5f97000 r--s 0003c000 08:06 4983532                    /home/sujith/.m2/repository/commons-lang/commons-lang/2.4/commons-lang-2.4.jar
7fa0d5f97000-7fa0d5fa5000 r--s 0007f000 08:06 4983530                    /home/sujith/.m2/repository/commons-collections/commons-collections/3.2.1/commons-collections-3.2.1.jar
7fa0d5fa5000-7fa0d5fad000 r--s 00066000 08:06 4983528                    /home/sujith/.m2/repository/org/apache/velocity/velocity/1.7/velocity-1.7.jar
7fa0d5fad000-7fa0d5fb5000 r--s 00078000 08:06 4987189                    /home/sujith/.m2/repository/javax/mail/mail/1.4.7/mail-1.4.7.jar
7fa0d5fb5000-7fa0d5fbc000 r--s 000a5000 08:06 6038520                    /home/sujith/.m2/repository/mysql/mysql-connector-java/5.1.6/mysql-connector-java-5.1.6.jar
7fa0d5fbc000-7fa0d5fc3000 r--s 0003a000 08:06 5510490                    /home/sujith/.m2/repository/org/springframework/spring-tx/4.2.2.RELEASE/spring-tx-4.2.2.RELEASE.jar
7fa0d5fc3000-7fa0d5fdc000 r--s 001af000 08:06 5510486                    /home/sujith/.m2/repository/org/aspectj/aspectjweaver/1.8.7/aspectjweaver-1.8.7.jar
7fa0d5fdc000-7fa0d5fdf000 r--s 0000c000 08:06 5376679                    /home/sujith/.m2/repository/org/springframework/spring-aspects/4.2.2.RELEASE/spring-aspects-4.2.2.RELEASE.jar
7fa0d5fdf000-7fa0d5ff4000 r--s 000f0000 08:06 5250118                    /home/sujith/.m2/repository/org/springframework/spring-core/4.2.2.RELEASE/spring-core-4.2.2.RELEASE.jar
7fa0d5ff4000-7fa0d5ff9000 r--s 00027000 08:06 5510492                    /home/sujith/.m2/repository/org/springframework/spring-context-support/4.2.2.RELEASE/spring-context-support-4.2.2.RELEASE.jar
7fa0d5ff9000-7fa0d6012000 r--s 000f1000 08:06 5376675                    /home/sujith/.m2/repository/org/springframework/spring-context/4.2.2.RELEASE/spring-context-4.2.2.RELEASE.jar
7fa0d6012000-7fa0d6017000 r--s 0003c000 08:06 5376677                    /home/sujith/.m2/repository/org/springframework/spring-expression/4.2.2.RELEASE/spring-expression-4.2.2.RELEASE.jar
7fa0d6017000-7fa0d6028000 r--s 000c5000 08:06 5510488                    /home/sujith/.m2/repository/org/springframework/spring-webmvc/4.2.2.RELEASE/spring-webmvc-4.2.2.RELEASE.jar
7fa0d6028000-7fa0d6039000 r--s 000ab000 08:06 5250114                    /home/sujith/.m2/repository/org/springframework/spring-web/4.2.2.RELEASE/spring-web-4.2.2.RELEASE.jar
7fa0d6039000-7fa0d603a000 ---p 00000000 00:00 0 
7fa0d603a000-7fa0d613a000 rw-p 00000000 00:00 0                          [stack:2118]
7fa0d613a000-7fa0d613d000 ---p 00000000 00:00 0 
7fa0d613d000-7fa0d623b000 rw-p 00000000 00:00 0                          [stack:2117]
7fa0d623b000-7fa0d623e000 ---p 00000000 00:00 0 
7fa0d623e000-7fa0d633c000 rw-p 00000000 00:00 0                          [stack:2116]
7fa0d633c000-7fa0d633f000 ---p 00000000 00:00 0 
7fa0d633f000-7fa0d643d000 rw-p 00000000 00:00 0                          [stack:2115]
7fa0d643d000-7fa0d6440000 ---p 00000000 00:00 0 
7fa0d6440000-7fa0d653e000 rw-p 00000000 00:00 0                          [stack:2114]
7fa0d653e000-7fa0d6541000 ---p 00000000 00:00 0 
7fa0d6541000-7fa0d663f000 rw-p 00000000 00:00 0                          [stack:2111]
7fa0d663f000-7fa0d6642000 ---p 00000000 00:00 0 
7fa0d6642000-7fa0d6740000 rw-p 00000000 00:00 0                          [stack:2110]
7fa0d6740000-7fa0d6743000 ---p 00000000 00:00 0 
7fa0d6743000-7fa0d6841000 rw-p 00000000 00:00 0                          [stack:2102]
7fa0d6841000-7fa0d6845000 r-xp 00000000 08:06 6827703                    /usr/lib/jvm/java-8-oracle/jre/lib/amd64/libdt_socket.so
7fa0d6845000-7fa0d6a44000 ---p 00004000 08:06 6827703                    /usr/lib/jvm/java-8-oracle/jre/lib/amd64/libdt_socket.so
7fa0d6a44000-7fa0d6a45000 rw-p 00003000 08:06 6827703                    /usr/lib/jvm/java-8-oracle/jre/lib/amd64/libdt_socket.so
7fa0d6a45000-7fa0d6a48000 ---p 00000000 00:00 0 
7fa0d6a48000-7fa0d6b46000 rw-p 00000000 00:00 0                          [stack:2100]
7fa0d6b46000-7fa0d6b49000 ---p 00000000 00:00 0 
7fa0d6b49000-7fa0d6c47000 rw-p 00000000 00:00 0                          [stack:2097]
7fa0d6c47000-7fa0d6c4a000 ---p 00000000 00:00 0 
7fa0d6c4a000-7fa0d6d48000 rw-p 00000000 00:00 0                          [stack:2096]
7fa0d6d48000-7fa0d6d49000 ---p 00000000 00:00 0 
7fa0d6d49000-7fa0d7e0a000 rw-p 00000000 00:00 0                          [stack:2095]
7fa0d7e0a000-7fa0d7fe3000 r--s 03d1f000 08:06 6827513                    /usr/lib/jvm/java-8-oracle/jre/lib/rt.jar
7fa0d7fe3000-7fa0d8719000 rw-p 00000000 00:00 0 
7fa0d8719000-7fa0d8859000 ---p 00000000 00:00 0 
7fa0d8859000-7fa0deb4b000 rw-p 00000000 00:00 0 
7fa0deb4b000-7fa0deb4c000 ---p 00000000 00:00 0 
7fa0deb4c000-7fa0dec4c000 rw-p 00000000 00:00 0                          [stack:2094]
7fa0dec4c000-7fa0dec4d000 ---p 00000000 00:00 0 
7fa0dec4d000-7fa0ded4d000 rw-p 00000000 00:00 0                          [stack:2093]
7fa0ded4d000-7fa0ded4e000 ---p 00000000 00:00 0 
7fa0ded4e000-7fa0dee4e000 rw-p 00000000 00:00 0                          [stack:2092]
7fa0dee4e000-7fa0dee4f000 ---p 00000000 00:00 0 
7fa0dee4f000-7fa0def8e000 rw-p 00000000 00:00 0                          [stack:2090]
7fa0def8e000-7fa0df331000 ---p 00000000 00:00 0 
7fa0df331000-7fa0df370000 rw-p 00000000 00:00 0 
7fa0df370000-7fa0df712000 ---p 00000000 00:00 0 
7fa0df712000-7fa0df732000 rw-p 00000000 00:00 0 
7fa0df732000-7fa0df903000 ---p 00000000 00:00 0 
7fa0df903000-7fa0df90e000 rw-p 00000000 00:00 0 
7fa0df90e000-7fa0dfcc4000 ---p 00000000 00:00 0 
7fa0dfcc4000-7fa0dff34000 rwxp 00000000 00:00 0 
7fa0dff34000-7fa0eecc4000 ---p 00000000 00:00 0 
7fa0eecc4000-7fa0eecde000 r-xp 00000000 08:06 6827722                    /usr/lib/jvm/java-8-oracle/jre/lib/amd64/libzip.so
7fa0eecde000-7fa0eeede000 ---p 0001a000 08:06 6827722                    /usr/lib/jvm/java-8-oracle/jre/lib/amd64/libzip.so
7fa0eeede000-7fa0eeedf000 rw-p 0001a000 08:06 6827722                    /usr/lib/jvm/java-8-oracle/jre/lib/amd64/libzip.so
7fa0eeedf000-7fa0eeeea000 r-xp 00000000 08:06 1709156                    /lib/x86_64-linux-gnu/libnss_files-2.19.so
7fa0eeeea000-7fa0ef0e9000 ---p 0000b000 08:06 1709156                    /lib/x86_64-linux-gnu/libnss_files-2.19.so
7fa0ef0e9000-7fa0ef0ea000 r--p 0000a000 08:06 1709156                    /lib/x86_64-linux-gnu/libnss_files-2.19.so
7fa0ef0ea000-7fa0ef0eb000 rw-p 0000b000 08:06 1709156                    /lib/x86_64-linux-gnu/libnss_files-2.19.so
7fa0ef0eb000-7fa0ef0f6000 r-xp 00000000 08:06 1708143                    /lib/x86_64-linux-gnu/libnss_nis-2.19.so
7fa0ef0f6000-7fa0ef2f5000 ---p 0000b000 08:06 1708143                    /lib/x86_64-linux-gnu/libnss_nis-2.19.so
7fa0ef2f5000-7fa0ef2f6000 r--p 0000a000 08:06 1708143                    /lib/x86_64-linux-gnu/libnss_nis-2.19.so
7fa0ef2f6000-7fa0ef2f7000 rw-p 0000b000 08:06 1708143                    /lib/x86_64-linux-gnu/libnss_nis-2.19.so
7fa0ef2f7000-7fa0ef30e000 r-xp 00000000 08:06 1708102                    /lib/x86_64-linux-gnu/libnsl-2.19.so
7fa0ef30e000-7fa0ef50d000 ---p 00017000 08:06 1708102                    /lib/x86_64-linux-gnu/libnsl-2.19.so
7fa0ef50d000-7fa0ef50e000 r--p 00016000 08:06 1708102                    /lib/x86_64-linux-gnu/libnsl-2.19.so
7fa0ef50e000-7fa0ef50f000 rw-p 00017000 08:06 1708102                    /lib/x86_64-linux-gnu/libnsl-2.19.so
7fa0ef50f000-7fa0ef511000 rw-p 00000000 00:00 0 
7fa0ef511000-7fa0ef51a000 r-xp 00000000 08:06 1708092                    /lib/x86_64-linux-gnu/libnss_compat-2.19.so
7fa0ef51a000-7fa0ef719000 ---p 00009000 08:06 1708092                    /lib/x86_64-linux-gnu/libnss_compat-2.19.so
7fa0ef719000-7fa0ef71a000 r--p 00008000 08:06 1708092                    /lib/x86_64-linux-gnu/libnss_compat-2.19.so
7fa0ef71a000-7fa0ef71b000 rw-p 00009000 08:06 1708092                    /lib/x86_64-linux-gnu/libnss_compat-2.19.so
7fa0ef71b000-7fa0efdfd000 r--p 00000000 08:06 6822907                    /usr/lib/locale/locale-archive
7fa0efdfd000-7fa0efdff000 r-xp 00000000 08:06 6827677                    /usr/lib/jvm/java-8-oracle/jre/lib/amd64/libnpt.so
7fa0efdff000-7fa0effff000 ---p 00002000 08:06 6827677                    /usr/lib/jvm/java-8-oracle/jre/lib/amd64/libnpt.so
7fa0effff000-7fa0f0000000 rw-p 00002000 08:06 6827677                    /usr/lib/jvm/java-8-oracle/jre/lib/amd64/libnpt.so
7fa0f0000000-7fa0f08f7000 rw-p 00000000 00:00 0 
7fa0f08f7000-7fa0f4000000 ---p 00000000 00:00 0 
7fa0f4000000-7fa0f4002000 r--s 00014000 08:06 4986739                    /home/sujith/.m2/repository/commons-chain/commons-chain/1.1/commons-chain-1.1.jar
7fa0f4002000-7fa0f4010000 r--s 000a5000 08:06 5250116                    /home/sujith/.m2/repository/org/springframework/spring-beans/4.2.2.RELEASE/spring-beans-4.2.2.RELEASE.jar
7fa0f4010000-7fa0f4013000 r--s 00015000 08:06 6557589                    /home/sujith/.m2/repository/javax/servlet/javax.servlet-api/3.1.0/javax.servlet-api-3.1.0.jar
7fa0f4013000-7fa0f4034000 rw-p 00000000 00:00 0 
7fa0f4034000-7fa0f406d000 r-xp 00000000 08:06 6827682                    /usr/lib/jvm/java-8-oracle/jre/lib/amd64/libjdwp.so
7fa0f406d000-7fa0f426c000 ---p 00039000 08:06 6827682                    /usr/lib/jvm/java-8-oracle/jre/lib/amd64/libjdwp.so
7fa0f426c000-7fa0f426e000 rw-p 00038000 08:06 6827682                    /usr/lib/jvm/java-8-oracle/jre/lib/amd64/libjdwp.so
7fa0f426e000-7fa0f4298000 r-xp 00000000 08:06 6827662                    /usr/lib/jvm/java-8-oracle/jre/lib/amd64/libjava.so
7fa0f4298000-7fa0f4498000 ---p 0002a000 08:06 6827662                    /usr/lib/jvm/java-8-oracle/jre/lib/amd64/libjava.so
7fa0f4498000-7fa0f449a000 rw-p 0002a000 08:06 6827662                    /usr/lib/jvm/java-8-oracle/jre/lib/amd64/libjava.so
7fa0f449a000-7fa0f44a7000 r-xp 00000000 08:06 6827658                    /usr/lib/jvm/java-8-oracle/jre/lib/amd64/libverify.so
7fa0f44a7000-7fa0f46a7000 ---p 0000d000 08:06 6827658                    /usr/lib/jvm/java-8-oracle/jre/lib/amd64/libverify.so
7fa0f46a7000-7fa0f46a9000 rw-p 0000d000 08:06 6827658                    /usr/lib/jvm/java-8-oracle/jre/lib/amd64/libverify.so
7fa0f46a9000-7fa0f46b0000 r-xp 00000000 08:06 1709148                    /lib/x86_64-linux-gnu/librt-2.19.so
7fa0f46b0000-7fa0f48af000 ---p 00007000 08:06 1709148                    /lib/x86_64-linux-gnu/librt-2.19.so
7fa0f48af000-7fa0f48b0000 r--p 00006000 08:06 1709148                    /lib/x86_64-linux-gnu/librt-2.19.so
7fa0f48b0000-7fa0f48b1000 rw-p 00007000 08:06 1709148                    /lib/x86_64-linux-gnu/librt-2.19.so
7fa0f48b1000-7fa0f49b6000 r-xp 00000000 08:06 1708021                    /lib/x86_64-linux-gnu/libm-2.19.so
7fa0f49b6000-7fa0f4bb5000 ---p 00105000 08:06 1708021                    /lib/x86_64-linux-gnu/libm-2.19.so
7fa0f4bb5000-7fa0f4bb6000 r--p 00104000 08:06 1708021                    /lib/x86_64-linux-gnu/libm-2.19.so
7fa0f4bb6000-7fa0f4bb7000 rw-p 00105000 08:06 1708021                    /lib/x86_64-linux-gnu/libm-2.19.so
7fa0f4bb7000-7fa0f5877000 r-xp 00000000 08:06 6827693                    /usr/lib/jvm/java-8-oracle/jre/lib/amd64/server/libjvm.so
7fa0f5877000-7fa0f5a77000 ---p 00cc0000 08:06 6827693                    /usr/lib/jvm/java-8-oracle/jre/lib/amd64/server/libjvm.so
7fa0f5a77000-7fa0f5b4f000 rw-p 00cc0000 08:06 6827693                    /usr/lib/jvm/java-8-oracle/jre/lib/amd64/server/libjvm.so
7fa0f5b4f000-7fa0f5b9a000 rw-p 00000000 00:00 0 
7fa0f5b9a000-7fa0f5d55000 r-xp 00000000 08:06 1709150                    /lib/x86_64-linux-gnu/libc-2.19.so
7fa0f5d55000-7fa0f5f54000 ---p 001bb000 08:06 1709150                    /lib/x86_64-linux-gnu/libc-2.19.so
7fa0f5f54000-7fa0f5f58000 r--p 001ba000 08:06 1709150                    /lib/x86_64-linux-gnu/libc-2.19.so
7fa0f5f58000-7fa0f5f5a000 rw-p 001be000 08:06 1709150                    /lib/x86_64-linux-gnu/libc-2.19.so
7fa0f5f5a000-7fa0f5f5f000 rw-p 00000000 00:00 0 
7fa0f5f5f000-7fa0f5f62000 r-xp 00000000 08:06 1708066                    /lib/x86_64-linux-gnu/libdl-2.19.so
7fa0f5f62000-7fa0f6161000 ---p 00003000 08:06 1708066                    /lib/x86_64-linux-gnu/libdl-2.19.so
7fa0f6161000-7fa0f6162000 r--p 00002000 08:06 1708066                    /lib/x86_64-linux-gnu/libdl-2.19.so
7fa0f6162000-7fa0f6163000 rw-p 00003000 08:06 1708066                    /lib/x86_64-linux-gnu/libdl-2.19.so
7fa0f6163000-7fa0f6178000 r-xp 00000000 08:06 6827402                    /usr/lib/jvm/java-8-oracle/lib/amd64/jli/libjli.so
7fa0f6178000-7fa0f6378000 ---p 00015000 08:06 6827402                    /usr/lib/jvm/java-8-oracle/lib/amd64/jli/libjli.so
7fa0f6378000-7fa0f6379000 rw-p 00015000 08:06 6827402                    /usr/lib/jvm/java-8-oracle/lib/amd64/jli/libjli.so
7fa0f6379000-7fa0f6392000 r-xp 00000000 08:06 1708115                    /lib/x86_64-linux-gnu/libpthread-2.19.so
7fa0f6392000-7fa0f6591000 ---p 00019000 08:06 1708115                    /lib/x86_64-linux-gnu/libpthread-2.19.so
7fa0f6591000-7fa0f6592000 r--p 00018000 08:06 1708115                    /lib/x86_64-linux-gnu/libpthread-2.19.so
7fa0f6592000-7fa0f6593000 rw-p 00019000 08:06 1708115                    /lib/x86_64-linux-gnu/libpthread-2.19.so
7fa0f6593000-7fa0f6597000 rw-p 00000000 00:00 0 
7fa0f6597000-7fa0f65ba000 r-xp 00000000 08:06 1708135                    /lib/x86_64-linux-gnu/ld-2.19.so
7fa0f65ba000-7fa0f6699000 rw-p 00000000 00:00 0 
7fa0f6699000-7fa0f669c000 ---p 00000000 00:00 0 
7fa0f669c000-7fa0f679e000 rw-p 00000000 00:00 0                          [stack:2087]
7fa0f679e000-7fa0f67a0000 r--s 0000e000 08:06 4987191                    /home/sujith/.m2/repository/javax/activation/activation/1.1/activation-1.1.jar
7fa0f67a0000-7fa0f67a5000 r--s 0002a000 08:06 5121435                    /home/sujith/.m2/repository/com/google/code/gson/gson/2.2.4/gson-2.2.4.jar
7fa0f67a5000-7fa0f67a7000 r--s 0000e000 08:06 5374667                    /home/sujith/.m2/repository/commons-logging/commons-logging/1.2/commons-logging-1.2.jar
7fa0f67a7000-7fa0f67aa000 r--s 00019000 08:06 6294317                    /home/sujith/.m2/repository/org/apache/commons/commons-pool2/2.4.2/commons-pool2-2.4.2.jar
7fa0f67aa000-7fa0f67ad000 r--s 00028000 08:06 6294160                    /home/sujith/.m2/repository/org/apache/commons/commons-dbcp2/2.1.1/commons-dbcp2-2.1.1.jar
7fa0f67ad000-7fa0f67b5000 rw-s 00000000 08:06 6296862                    /tmp/hsperfdata_sujith/2083
7fa0f67b5000-7fa0f67b6000 rw-p 00000000 00:00 0 
7fa0f67b6000-7fa0f67b7000 r--p 00000000 00:00 0 
7fa0f67b7000-7fa0f67b9000 rw-p 00000000 00:00 0 
7fa0f67b9000-7fa0f67ba000 r--p 00022000 08:06 1708135                    /lib/x86_64-linux-gnu/ld-2.19.so
7fa0f67ba000-7fa0f67bb000 rw-p 00023000 08:06 1708135                    /lib/x86_64-linux-gnu/ld-2.19.so
7fa0f67bb000-7fa0f67bc000 rw-p 00000000 00:00 0 
7ffec78f0000-7ffec7915000 rw-p 00000000 00:00 0                          [stack]
7ffec7951000-7ffec7953000 r-xp 00000000 00:00 0                          [vdso]
7ffec7953000-7ffec7955000 r--p 00000000 00:00 0                          [vvar]
ffffffffff600000-ffffffffff601000 r-xp 00000000 00:00 0                  [vsyscall]

VM Arguments:
jvm_args: -agentlib:jdwp=transport=dt_socket,suspend=y,address=localhost:52484 -Dfile.encoding=UTF-8 
java_command: com.belhopat.backoffice.excel.PoiReadExcelFile
java_class_path (initial): /home/sujith/BHP/target/classes:/home/sujith/.m2/repository/org/apache/commons/commons-dbcp2/2.1.1/commons-dbcp2-2.1.1.jar:/home/sujith/.m2/repository/org/apache/commons/commons-pool2/2.4.2/commons-pool2-2.4.2.jar:/home/sujith/.m2/repository/commons-logging/commons-logging/1.2/commons-logging-1.2.jar:/home/sujith/.m2/repository/com/google/code/gson/gson/2.2.4/gson-2.2.4.jar:/home/sujith/.m2/repository/javax/servlet/javax.servlet-api/3.1.0/javax.servlet-api-3.1.0.jar:/home/sujith/.m2/repository/org/springframework/spring-web/4.2.2.RELEASE/spring-web-4.2.2.RELEASE.jar:/home/sujith/.m2/repository/org/springframework/spring-beans/4.2.2.RELEASE/spring-beans-4.2.2.RELEASE.jar:/home/sujith/.m2/repository/org/springframework/spring-webmvc/4.2.2.RELEASE/spring-webmvc-4.2.2.RELEASE.jar:/home/sujith/.m2/repository/org/springframework/spring-expression/4.2.2.RELEASE/spring-expression-4.2.2.RELEASE.jar:/home/sujith/.m2/repository/org/springframework/spring-context/4.2.2.RELEASE/spring-context-4.2.2.RELEASE.jar:/home/sujith/.m2/repository/org/springframework/spring-context-support/4.2.2.RELEASE/spring-context-support-4.2.2.RELEASE.jar:/home/sujith/.m2/repository/org/springframework/spring-core/4.2.2.RELEASE/spring-core-4.2.2.RELEASE.jar:/home/sujith/.m2/repository/org/springframework/spring-aspects/4.2.2.RELEASE/spring-aspects-4.2.2.RELEASE.jar:/home/sujith/.m2/repository/org/aspectj/aspectjweaver/1.8.7/aspectjweaver-1.8.7.jar:/home/sujith/.m2/repository/org/springframework/spring-tx/4.2.2.RELEASE/spring-tx-4.2.2.RELEASE.jar:/home/sujith/.m2/repository/mysql/mysql-connector-java/5.1.6/mysql-connector-java-5.1.6.jar:/home/sujith/.m2/repository/javax/mail/mail/1.4.7/mail-1.4.7.jar:/home/sujith/.m2/repository/javax/activation/activation/1.1/activation-1.1.jar:/home/sujith/.m2/repository/org/apache/velocity/velocity/1.7/velocity-1.7.jar:/home/sujith/.m2/repository/commons-collections/commons-collections/3.2.1/commons-collections-3.2.1.jar:/home/sujith/.m2
Launcher Type: SUN_STANDARD

Environment Variables:
PATH=/usr/local/sbin:/usr/local/bin:/usr/sbin:/usr/bin:/sbin:/bin:/usr/games:/usr/local/games
SHELL=/bin/bash
DISPLAY=:0.0

Signal Handlers:
SIGSEGV: [libjvm.so+0xabca10], sa_mask[0]=11111111011111111101111111111110, sa_flags=SA_RESTART|SA_SIGINFO
SIGBUS: [libjvm.so+0xabca10], sa_mask[0]=11111111011111111101111111111110, sa_flags=SA_RESTART|SA_SIGINFO
SIGFPE: [libjvm.so+0x919a20], sa_mask[0]=11111111011111111101111111111110, sa_flags=SA_RESTART|SA_SIGINFO
SIGPIPE: [libjvm.so+0x919a20], sa_mask[0]=11111111011111111101111111111110, sa_flags=SA_RESTART|SA_SIGINFO
SIGXFSZ: [libjvm.so+0x919a20], sa_mask[0]=11111111011111111101111111111110, sa_flags=SA_RESTART|SA_SIGINFO
SIGILL: [libjvm.so+0x919a20], sa_mask[0]=11111111011111111101111111111110, sa_flags=SA_RESTART|SA_SIGINFO
SIGUSR1: SIG_DFL, sa_mask[0]=00000000000000000000000000000000, sa_flags=none
SIGUSR2: [libjvm.so+0x91b050], sa_mask[0]=00100000000000000000000000000000, sa_flags=SA_RESTART|SA_SIGINFO
SIGHUP: [libjvm.so+0x91c450], sa_mask[0]=11111111011111111101111111111110, sa_flags=SA_RESTART|SA_SIGINFO
SIGINT: [libjvm.so+0x91c450], sa_mask[0]=11111111011111111101111111111110, sa_flags=SA_RESTART|SA_SIGINFO
SIGTERM: [libjvm.so+0x91c450], sa_mask[0]=11111111011111111101111111111110, sa_flags=SA_RESTART|SA_SIGINFO
SIGQUIT: [libjvm.so+0x91c450], sa_mask[0]=11111111011111111101111111111110, sa_flags=SA_RESTART|SA_SIGINFO


---------------  S Y S T E M  ---------------

OS:DISTRIB_ID=Ubuntu
DISTRIB_RELEASE=14.04
DISTRIB_CODENAME=trusty
DISTRIB_DESCRIPTION="Ubuntu 14.04.4 LTS"

uname:Linux 3.16.0-71-generic #92~14.04.1-Ubuntu SMP Thu May 12 23:31:46 UTC 2016 x86_64
libc:glibc 2.19 NPTL 2.19 
rlimit: STACK 8192k, CORE 0k, NPROC 47585, NOFILE 4096, AS infinity
load average:5.81 3.69 3.33

/proc/meminfo:
MemTotal:       12203228 kB
MemFree:         3917140 kB
MemAvailable:    6126416 kB
Buffers:          352376 kB
Cached:          2398920 kB
SwapCached:          140 kB
Active:          5916432 kB
Inactive:        1929568 kB
Active(anon):    4249136 kB
Inactive(anon):  1342800 kB
Active(file):    1667296 kB
Inactive(file):   586768 kB
Unevictable:         240 kB
Mlocked:             240 kB
SwapTotal:       7811068 kB
SwapFree:        7773432 kB
Dirty:             10712 kB
Writeback:             0 kB
AnonPages:       5095064 kB
Mapped:           725608 kB
Shmem:            496972 kB
Slab:             251316 kB
SReclaimable:     208616 kB
SUnreclaim:        42700 kB
KernelStack:       13424 kB
PageTables:        59040 kB
NFS_Unstable:          0 kB
Bounce:                0 kB
WritebackTmp:          0 kB
CommitLimit:    13912680 kB
Committed_AS:   11948256 kB
VmallocTotal:   34359738367 kB
VmallocUsed:      370360 kB
VmallocChunk:   34359299664 kB
HardwareCorrupted:     0 kB
AnonHugePages:   3035136 kB
HugePages_Total:       0
HugePages_Free:        0
HugePages_Rsvd:        0
HugePages_Surp:        0
Hugepagesize:       2048 kB
DirectMap4k:       65880 kB
DirectMap2M:     1929216 kB
DirectMap1G:    10485760 kB


CPU:total 4 (2 cores per cpu, 2 threads per core) family 6 model 60 stepping 3, cmov, cx8, fxsr, mmx, sse, sse2, sse3, ssse3, sse4.1, sse4.2, popcnt, avx, avx2, aes, clmul, erms, lzcnt, ht, tsc, tscinvbit, bmi1, bmi2

/proc/cpuinfo:
processor	: 0
vendor_id	: GenuineIntel
cpu family	: 6
model		: 60
model name	: Intel(R) Core(TM) i3-4150 CPU @ 3.50GHz
stepping	: 3
microcode	: 0x12
cpu MHz		: 3500.000
cache size	: 3072 KB
physical id	: 0
siblings	: 4
core id		: 0
cpu cores	: 2
apicid		: 0
initial apicid	: 0
fpu		: yes
fpu_exception	: yes
cpuid level	: 13
wp		: yes
flags		: fpu vme de pse tsc msr pae mce cx8 apic sep mtrr pge mca cmov pat pse36 clflush dts acpi mmx fxsr sse sse2 ss ht tm pbe syscall nx pdpe1gb rdtscp lm constant_tsc arch_perfmon pebs bts rep_good nopl xtopology nonstop_tsc aperfmperf eagerfpu pni pclmulqdq dtes64 monitor ds_cpl vmx est tm2 ssse3 fma cx16 xtpr pdcm pcid sse4_1 sse4_2 movbe popcnt tsc_deadline_timer aes xsave avx f16c rdrand lahf_lm abm arat xsaveopt pln pts dtherm tpr_shadow vnmi flexpriority ept vpid fsgsbase tsc_adjust bmi1 avx2 smep bmi2 erms invpcid
bogomips	: 6984.05
clflush size	: 64
cache_alignment	: 64
address sizes	: 39 bits physical, 48 bits virtual
power management:

processor	: 1
vendor_id	: GenuineIntel
cpu family	: 6
model		: 60
model name	: Intel(R) Core(TM) i3-4150 CPU @ 3.50GHz
stepping	: 3
microcode	: 0x12
cpu MHz		: 3500.000
cache size	: 3072 KB
physical id	: 0
siblings	: 4
core id		: 1
cpu cores	: 2
apicid		: 2
initial apicid	: 2
fpu		: yes
fpu_exception	: yes
cpuid level	: 13
wp		: yes
flags		: fpu vme de pse tsc msr pae mce cx8 apic sep mtrr pge mca cmov pat pse36 clflush dts acpi mmx fxsr sse sse2 ss ht tm pbe syscall nx pdpe1gb rdtscp lm constant_tsc arch_perfmon pebs bts rep_good nopl xtopology nonstop_tsc aperfmperf eagerfpu pni pclmulqdq dtes64 monitor ds_cpl vmx est tm2 ssse3 fma cx16 xtpr pdcm pcid sse4_1 sse4_2 movbe popcnt tsc_deadline_timer aes xsave avx f16c rdrand lahf_lm abm arat xsaveopt pln pts dtherm tpr_shadow vnmi flexpriority ept vpid fsgsbase tsc_adjust bmi1 avx2 smep bmi2 erms invpcid
bogomips	: 6984.05
clflush size	: 64
cache_alignment	: 64
address sizes	: 39 bits physical, 48 bits virtual
power management:

processor	: 2
vendor_id	: GenuineIntel
cpu family	: 6
model		: 60
model name	: Intel(R) Core(TM) i3-4150 CPU @ 3.50GHz
stepping	: 3
microcode	: 0x12
cpu MHz		: 3500.000
cache size	: 3072 KB
physical id	: 0
siblings	: 4
core id		: 0
cpu cores	: 2
apicid		: 1
initial apicid	: 1
fpu		: yes
fpu_exception	: yes
cpuid level	: 13
wp		: yes
flags		: fpu vme de pse tsc msr pae mce cx8 apic sep mtrr pge mca cmov pat pse36 clflush dts acpi mmx fxsr sse sse2 ss ht tm pbe syscall nx pdpe1gb rdtscp lm constant_tsc arch_perfmon pebs bts rep_good nopl xtopology nonstop_tsc aperfmperf eagerfpu pni pclmulqdq dtes64 monitor ds_cpl vmx est tm2 ssse3 fma cx16 xtpr pdcm pcid sse4_1 sse4_2 movbe popcnt tsc_deadline_timer aes xsave avx f16c rdrand lahf_lm abm arat xsaveopt pln pts dtherm tpr_shadow vnmi flexpriority ept vpid fsgsbase tsc_adjust bmi1 avx2 smep bmi2 erms invpcid
bogomips	: 6984.05
clflush size	: 64
cache_alignment	: 64
address sizes	: 39 bits physical, 48 bits virtual
power management:

processor	: 3
vendor_id	: GenuineIntel
cpu family	: 6
model		: 60
model name	: Intel(R) Core(TM) i3-4150 CPU @ 3.50GHz
stepping	: 3
microcode	: 0x12
cpu MHz		: 3500.000
cache size	: 3072 KB
physical id	: 0
siblings	: 4
core id		: 1
cpu cores	: 2
apicid		: 3
initial apicid	: 3
fpu		: yes
fpu_exception	: yes
cpuid level	: 13
wp		: yes
flags		: fpu vme de pse tsc msr pae mce cx8 apic sep mtrr pge mca cmov pat pse36 clflush dts acpi mmx fxsr sse sse2 ss ht tm pbe syscall nx pdpe1gb rdtscp lm constant_tsc arch_perfmon pebs bts rep_good nopl xtopology nonstop_tsc aperfmperf eagerfpu pni pclmulqdq dtes64 monitor ds_cpl vmx est tm2 ssse3 fma cx16 xtpr pdcm pcid sse4_1 sse4_2 movbe popcnt tsc_deadline_timer aes xsave avx f16c rdrand lahf_lm abm arat xsaveopt pln pts dtherm tpr_shadow vnmi flexpriority ept vpid fsgsbase tsc_adjust bmi1 avx2 smep bmi2 erms invpcid
bogomips	: 6984.05
clflush size	: 64
cache_alignment	: 64
address sizes	: 39 bits physical, 48 bits virtual
power management:



Memory: 4k page, physical 12203228k(3917140k free), swap 7811068k(7773432k free)

vm_info: Java HotSpot(TM) 64-Bit Server VM (25.91-b14) for linux-amd64 JRE (1.8.0_91-b14), built on Apr  1 2016 00:57:21 by "java_re" with gcc 4.3.0 20080428 (Red Hat 4.3.0-8)

time: Mon Oct 10 13:12:19 2016
elapsed time: 9258 seconds (0d 2h 34m 18s)

